#
# There is insufficient memory for the Java Runtime Environment to continue.
# Native memory allocation (malloc) failed to allocate 560304 bytes for Chunk::new
# Possible reasons:
#   The system is out of physical RAM or swap space
#   The process is running with CompressedOops enabled, and the Java Heap may be blocking the growth of the native heap
# Possible solutions:
#   Reduce memory load on the system
#   Increase physical memory or swap space
#   Check if swap backing store is full
#   Decrease Java heap size (-Xmx/-Xms)
#   Decrease number of Java threads
#   Decrease Java thread stack sizes (-Xss)
#   Set larger code cache with -XX:ReservedCodeCacheSize=
#   JVM is running with Unscaled Compressed Oops mode in which the Java heap is
#     placed in the first 4GB address space. The Java Heap base address is the
#     maximum limit for the native heap growth. Please use -XX:HeapBaseMinAddress
#     to set the Java Heap base and to place the Java Heap above 4GB virtual address.
# This output file may be truncated or incomplete.
#
#  Out of Memory Error (./open/src/hotspot/share/memory/arena.cpp:195), pid=2292, tid=15572
#
# JRE version: OpenJDK Runtime Environment (15.0.2+7) (build 15.0.2+7-27)
# Java VM: OpenJDK 64-Bit Server VM (15.0.2+7-27, mixed mode, sharing, tiered, compressed oops, g1 gc, windows-amd64)
# No core dump will be written. Minidumps are not enabled by default on client versions of Windows
#

---------------  S U M M A R Y ------------

Command Line: --add-opens=java.base/java.util=ALL-UNNAMED --add-opens=java.base/java.lang=ALL-UNNAMED --add-opens=java.base/java.lang.invoke=ALL-UNNAMED --add-opens=java.base/java.util=ALL-UNNAMED --add-opens=java.prefs/java.util.prefs=ALL-UNNAMED --add-opens=java.prefs/java.util.prefs=ALL-UNNAMED --add-opens=java.base/java.nio.charset=ALL-UNNAMED --add-opens=java.base/java.net=ALL-UNNAMED --add-opens=java.base/java.util.concurrent.atomic=ALL-UNNAMED -Xmx2048m -Dfile.encoding=UTF-8 -Duser.country=US -Duser.language=en -Duser.variant org.gradle.launcher.daemon.bootstrap.GradleDaemon 7.0.2

Host: Intel(R) Core(TM) i7-4800MQ CPU @ 2.70GHz, 8 cores, 15G,  Windows 10 , 64 bit Build 19041 (10.0.19041.1202)
Time: Wed Nov  3 12:07:06 2021 Pakistan Standard Time elapsed time: 11.086183 seconds (0d 0h 0m 11s)

---------------  T H R E A D  ---------------

Current thread (0x00000200f34fa200):  JavaThread "C2 CompilerThread0" daemon [_thread_in_native, id=15572, stack(0x0000006aaf700000,0x0000006aaf800000)]


Current CompileTask:
C2:  11086 6859       4       org.codehaus.groovy.util.LazyReference::get (44 bytes)

Stack: [0x0000006aaf700000,0x0000006aaf800000]
Native frames: (J=compiled Java code, j=interpreted, Vv=VM code, C=native code)
V  [jvm.dll+0x62ae9a]
V  [jvm.dll+0x7817a9]
V  [jvm.dll+0x782f03]
V  [jvm.dll+0x783563]
V  [jvm.dll+0x216325]
V  [jvm.dll+0x97f3a]
V  [jvm.dll+0x9861c]
V  [jvm.dll+0x32e305]
V  [jvm.dll+0x2f768a]
V  [jvm.dll+0x2f6a4a]
V  [jvm.dll+0x1ea705]
V  [jvm.dll+0x1e996e]
V  [jvm.dll+0x178567]
V  [jvm.dll+0x1f9225]
V  [jvm.dll+0x1f72cc]
V  [jvm.dll+0x74495d]
V  [jvm.dll+0x73d75a]
V  [jvm.dll+0x629c56]
C  [ucrtbase.dll+0x21bb2]
C  [KERNEL32.DLL+0x17034]
C  [ntdll.dll+0x52651]


---------------  P R O C E S S  ---------------

Threads class SMR info:
_java_thread_list=0x00000200f638d250, length=52, elements={
0x00000200d4003230, 0x00000200f2bd3fe0, 0x00000200f2bd4ac0, 0x00000200f2beea60,
0x00000200f34f55a0, 0x00000200f34f5f60, 0x00000200f34fa200, 0x00000200f34fccc0,
0x00000200f350aa00, 0x00000200f3636140, 0x00000200f36907a0, 0x00000200f576b720,
0x00000200f4723af0, 0x00000200f4a362f0, 0x00000200f5730be0, 0x00000200f46ea340,
0x00000200f57e9df0, 0x00000200f5f08830, 0x00000200f40e3ee0, 0x00000200f40e2ba0,
0x00000200f40e4d50, 0x00000200f40e2200, 0x00000200f40e43b0, 0x00000200f40e26d0,
0x00000200f40e3540, 0x00000200f40e3a10, 0x00000200f40e4880, 0x00000200f40e5220,
0x00000200f40e56f0, 0x00000200f56d1370, 0x00000200f56cd4e0, 0x00000200f56d1d10,
0x00000200f56d26b0, 0x00000200f56cf690, 0x00000200f56ce350, 0x00000200f56cecf0,
0x00000200f56d09d0, 0x00000200f56cae60, 0x00000200f56d0500, 0x00000200f56d0ea0,
0x00000200f56d1840, 0x00000200f56d21e0, 0x00000200f56cc670, 0x00000200f56cb330,
0x00000200f56cb800, 0x00000200f9d32eb0, 0x00000200f9d35a00, 0x00000200f9d35060,
0x00000200f9d393c0, 0x00000200f9d35530, 0x00000200f9d38a20, 0x00000200f8eb4830
}

Java Threads: ( => current thread )
  0x00000200d4003230 JavaThread "main" [_thread_blocked, id=2020, stack(0x0000006aaeb00000,0x0000006aaec00000)]
  0x00000200f2bd3fe0 JavaThread "Reference Handler" daemon [_thread_blocked, id=10364, stack(0x0000006aaf200000,0x0000006aaf300000)]
  0x00000200f2bd4ac0 JavaThread "Finalizer" daemon [_thread_blocked, id=17292, stack(0x0000006aaf300000,0x0000006aaf400000)]
  0x00000200f2beea60 JavaThread "Signal Dispatcher" daemon [_thread_blocked, id=13420, stack(0x0000006aaf400000,0x0000006aaf500000)]
  0x00000200f34f55a0 JavaThread "Attach Listener" daemon [_thread_blocked, id=16560, stack(0x0000006aaf500000,0x0000006aaf600000)]
  0x00000200f34f5f60 JavaThread "Service Thread" daemon [_thread_blocked, id=16528, stack(0x0000006aaf600000,0x0000006aaf700000)]
=>0x00000200f34fa200 JavaThread "C2 CompilerThread0" daemon [_thread_in_native, id=15572, stack(0x0000006aaf700000,0x0000006aaf800000)]
  0x00000200f34fccc0 JavaThread "C1 CompilerThread0" daemon [_thread_in_native, id=14696, stack(0x0000006aaf800000,0x0000006aaf900000)]
  0x00000200f350aa00 JavaThread "Sweeper thread" daemon [_thread_blocked, id=19728, stack(0x0000006aaf900000,0x0000006aafa00000)]
  0x00000200f3636140 JavaThread "Common-Cleaner" daemon [_thread_blocked, id=11156, stack(0x0000006aafa00000,0x0000006aafb00000)]
  0x00000200f36907a0 JavaThread "Notification Thread" daemon [_thread_blocked, id=13764, stack(0x0000006aafb00000,0x0000006aafc00000)]
  0x00000200f576b720 JavaThread "Daemon health stats" [_thread_blocked, id=12348, stack(0x0000006ab0400000,0x0000006ab0500000)]
  0x00000200f4723af0 JavaThread "Incoming local TCP Connector on port 56930" [_thread_in_native, id=7364, stack(0x0000006aafe00000,0x0000006aaff00000)]
  0x00000200f4a362f0 JavaThread "Daemon periodic checks" [_thread_blocked, id=20152, stack(0x0000006ab0500000,0x0000006ab0600000)]
  0x00000200f5730be0 JavaThread "Daemon" [_thread_blocked, id=12184, stack(0x0000006ab0600000,0x0000006ab0700000)]
  0x00000200f46ea340 JavaThread "Handler for socket connection from /127.0.0.1:56930 to /127.0.0.1:56931" [_thread_in_native, id=7832, stack(0x0000006ab0700000,0x0000006ab0800000)]
  0x00000200f57e9df0 JavaThread "Cancel handler" [_thread_blocked, id=18180, stack(0x0000006ab0800000,0x0000006ab0900000)]
  0x00000200f5f08830 JavaThread "Daemon worker" [_thread_in_Java, id=14228, stack(0x0000006ab0900000,0x0000006ab0a00000)]
  0x00000200f40e3ee0 JavaThread "Asynchronous log dispatcher for DefaultDaemonConnection: socket connection from /127.0.0.1:56930 to /127.0.0.1:56931" [_thread_blocked, id=5576, stack(0x0000006ab0a00000,0x0000006ab0b00000)]
  0x00000200f40e2ba0 JavaThread "Stdin handler" [_thread_blocked, id=13484, stack(0x0000006ab0b00000,0x0000006ab0c00000)]
  0x00000200f40e4d50 JavaThread "Daemon client event forwarder" [_thread_blocked, id=19892, stack(0x0000006ab0c00000,0x0000006ab0d00000)]
  0x00000200f40e2200 JavaThread "Cache worker for file hash cache (C:\Users\Muddasar\.gradle\caches\7.0.2\fileHashes)" [_thread_blocked, id=18896, stack(0x0000006ab0d00000,0x0000006ab0e00000)]
  0x00000200f40e43b0 JavaThread "File lock request listener" [_thread_in_native, id=10144, stack(0x0000006ab0e00000,0x0000006ab0f00000)]
  0x00000200f40e26d0 JavaThread "Cache worker for journal cache (C:\Users\Muddasar\.gradle\caches\journal-1)" [_thread_blocked, id=14392, stack(0x0000006ab0f00000,0x0000006ab1000000)]
  0x00000200f40e3540 JavaThread "Cache worker for file hash cache (D:\Android-Kotlin\AEye\.gradle\7.0.2\fileHashes)" [_thread_blocked, id=9908, stack(0x0000006ab1100000,0x0000006ab1200000)]
  0x00000200f40e3a10 JavaThread "File watcher server" daemon [_thread_in_native, id=5144, stack(0x0000006ab1200000,0x0000006ab1300000)]
  0x00000200f40e4880 JavaThread "File watcher consumer" daemon [_thread_blocked, id=6740, stack(0x0000006ab1300000,0x0000006ab1400000)]
  0x00000200f40e5220 JavaThread "Cache worker for checksums cache (D:\Android-Kotlin\AEye\.gradle\checksums)" [_thread_blocked, id=1908, stack(0x0000006ab1400000,0x0000006ab1500000)]
  0x00000200f40e56f0 JavaThread "Cache worker for cache directory md-supplier (C:\Users\Muddasar\.gradle\caches\7.0.2\md-supplier)" [_thread_blocked, id=1220, stack(0x0000006ab1500000,0x0000006ab1600000)]
  0x00000200f56d1370 JavaThread "Cache worker for cache directory md-rule (C:\Users\Muddasar\.gradle\caches\7.0.2\md-rule)" [_thread_blocked, id=16460, stack(0x0000006ab1600000,0x0000006ab1700000)]
  0x00000200f56cd4e0 JavaThread "Cache worker for execution history cache (C:\Users\Muddasar\.gradle\caches\7.0.2\executionHistory)" [_thread_blocked, id=11208, stack(0x0000006ab1700000,0x0000006ab1800000)]
  0x00000200f56d1d10 JavaThread "jar transforms" [_thread_blocked, id=12868, stack(0x0000006ab1b00000,0x0000006ab1c00000)]
  0x00000200f56d26b0 JavaThread "jar transforms Thread 2" [_thread_blocked, id=14912, stack(0x0000006ab1c00000,0x0000006ab1d00000)]
  0x00000200f56cf690 JavaThread "Cache worker for file content cache (C:\Users\Muddasar\.gradle\caches\7.0.2\fileContent)" [_thread_blocked, id=17112, stack(0x0000006ab1d00000,0x0000006ab1e00000)]
  0x00000200f56ce350 JavaThread "Cache worker for dependencies-accessors (D:\Android-Kotlin\AEye\.gradle\7.0.2\dependencies-accessors)" [_thread_blocked, id=19224, stack(0x0000006ab1e00000,0x0000006ab1f00000)]
  0x00000200f56cecf0 JavaThread "jar transforms Thread 3" [_thread_blocked, id=12124, stack(0x0000006ab1f00000,0x0000006ab2000000)]
  0x00000200f56d09d0 JavaThread "Cache worker for Build Output Cleanup Cache (D:\Android-Kotlin\AEye\.gradle\buildOutputCleanup)" [_thread_blocked, id=18100, stack(0x0000006ab2000000,0x0000006ab2100000)]
  0x00000200f56cae60 JavaThread "Build operations" [_thread_blocked, id=14580, stack(0x0000006ab2100000,0x0000006ab2200000)]
  0x00000200f56d0500 JavaThread "Build operations Thread 2" [_thread_blocked, id=8432, stack(0x0000006ab2200000,0x0000006ab2300000)]
  0x00000200f56d0ea0 JavaThread "Build operations Thread 3" [_thread_blocked, id=19132, stack(0x0000006ab2300000,0x0000006ab2400000)]
  0x00000200f56d1840 JavaThread "Build operations Thread 4" [_thread_blocked, id=14796, stack(0x0000006ab2400000,0x0000006ab2500000)]
  0x00000200f56d21e0 JavaThread "Build operations Thread 5" [_thread_blocked, id=11248, stack(0x0000006ab2500000,0x0000006ab2600000)]
  0x00000200f56cc670 JavaThread "Build operations Thread 6" [_thread_blocked, id=12240, stack(0x0000006ab2600000,0x0000006ab2700000)]
  0x00000200f56cb330 JavaThread "Build operations Thread 7" [_thread_blocked, id=4428, stack(0x0000006ab2700000,0x0000006ab2800000)]
  0x00000200f56cb800 JavaThread "Build operations Thread 8" [_thread_blocked, id=9252, stack(0x0000006ab2800000,0x0000006ab2900000)]
  0x00000200f9d32eb0 JavaThread "jar transforms Thread 4" [_thread_blocked, id=11324, stack(0x0000006ab2900000,0x0000006ab2a00000)]
  0x00000200f9d35a00 JavaThread "jar transforms Thread 5" [_thread_blocked, id=16124, stack(0x0000006ab2a00000,0x0000006ab2b00000)]
  0x00000200f9d35060 JavaThread "jar transforms Thread 6" [_thread_blocked, id=6368, stack(0x0000006ab2b00000,0x0000006ab2c00000)]
  0x00000200f9d393c0 JavaThread "jar transforms Thread 7" [_thread_blocked, id=11184, stack(0x0000006ab2c00000,0x0000006ab2d00000)]
  0x00000200f9d35530 JavaThread "jar transforms Thread 8" [_thread_blocked, id=17252, stack(0x0000006ab2d00000,0x0000006ab2e00000)]
  0x00000200f9d38a20 JavaThread "Memory manager" [_thread_blocked, id=2484, stack(0x0000006ab2e00000,0x0000006ab2f00000)]
  0x00000200f8eb4830 JavaThread "C2 CompilerThread1" daemon [_thread_in_native, id=2424, stack(0x0000006aafd00000,0x0000006aafe00000)]

Other Threads:
  0x00000200f2bd2850 VMThread "VM Thread" [stack: 0x0000006aaf100000,0x0000006aaf200000] [id=19632]
  0x00000200f36a0c50 WatcherThread [stack: 0x0000006aafc00000,0x0000006aafd00000] [id=2948]
  0x00000200d4044d50 GCTaskThread "GC Thread#0" [stack: 0x0000006aaec00000,0x0000006aaed00000] [id=9120]
  0x00000200f3bb39e0 GCTaskThread "GC Thread#1" [stack: 0x0000006aaff00000,0x0000006ab0000000] [id=732]
  0x00000200f3bb6350 GCTaskThread "GC Thread#2" [stack: 0x0000006ab0000000,0x0000006ab0100000] [id=19580]
  0x00000200f3bb4d00 GCTaskThread "GC Thread#3" [stack: 0x0000006ab0100000,0x0000006ab0200000] [id=13960]
  0x00000200f3bb4370 GCTaskThread "GC Thread#4" [stack: 0x0000006ab0200000,0x0000006ab0300000] [id=8744]
  0x00000200f3bb7340 GCTaskThread "GC Thread#5" [stack: 0x0000006ab0300000,0x0000006ab0400000] [id=19496]
  0x00000200f3bb69b0 GCTaskThread "GC Thread#6" [stack: 0x0000006ab1800000,0x0000006ab1900000] [id=6456]
  0x00000200f3bb6ce0 GCTaskThread "GC Thread#7" [stack: 0x0000006ab1900000,0x0000006ab1a00000] [id=20212]
  0x00000200d4055db0 ConcurrentGCThread "G1 Main Marker" [stack: 0x0000006aaed00000,0x0000006aaee00000] [id=8396]
  0x00000200d4057050 ConcurrentGCThread "G1 Conc#0" [stack: 0x0000006aaee00000,0x0000006aaef00000] [id=12916]
  0x00000200f3bb7010 ConcurrentGCThread "G1 Conc#1" [stack: 0x0000006ab1a00000,0x0000006ab1b00000] [id=17896]
  0x00000200f2a460f0 ConcurrentGCThread "G1 Refine#0" [stack: 0x0000006aaef00000,0x0000006aaf000000] [id=19120]
  0x00000200f2a46b00 ConcurrentGCThread "G1 Young RemSet Sampling" [stack: 0x0000006aaf000000,0x0000006aaf100000] [id=2468]

Threads with active compile tasks:
C2 CompilerThread0    11141 6859       4       org.codehaus.groovy.util.LazyReference::get (44 bytes)
C2 CompilerThread1    11141 6885       4       groovy.lang.MetaClassImpl::addMetaMethodToIndex (65 bytes)

VM state: not at safepoint (normal execution)

VM Mutex/Monitor currently owned by a thread: None

Heap address: 0x0000000080000000, size: 2048 MB, Compressed Oops mode: 32-bit
CDS archive(s) mapped at: [0x0000000800000000-0x0000000800b50000-0x0000000800b50000), size 11862016, SharedBaseAddress: 0x0000000800000000, ArchiveRelocationMode: 0.
Compressed class space mapped at: 0x0000000800b50000-0x0000000840b50000, size: 1073741824
Narrow klass base: 0x0000000800000000, Narrow klass shift: 3, Narrow klass range: 0x100000000

GC Precious Log:
 CPUs: 8 total, 8 available
 Memory: 15993M
 Large Page Support: Disabled
 NUMA Support: Disabled
 Compressed Oops: Enabled (32-bit)
 Heap Region Size: 1M
 Heap Min Capacity: 8M
 Heap Initial Capacity: 250M
 Heap Max Capacity: 2G
 Pre-touch: Disabled
 Parallel Workers: 8
 Concurrent Workers: 2
 Concurrent Refinement Workers: 8
 Periodic GC: Disabled

Heap:
 garbage-first heap   total 99328K, used 65564K [0x0000000080000000, 0x0000000100000000)
  region size 1024K, 14 young (14336K), 3 survivors (3072K)
 Metaspace       used 57899K, capacity 58660K, committed 58800K, reserved 1099776K
  class space    used 7396K, capacity 7613K, committed 7680K, reserved 1048576K

Heap Regions: E=young(eden), S=young(survivor), O=old, HS=humongous(starts), HC=humongous(continues), CS=collection set, F=free, OA=open archive, CA=closed archive, TAMS=top-at-mark-start (previous, next)
|   0|0x0000000080000000, 0x0000000080100000, 0x0000000080100000|100%| O|  |TAMS 0x0000000080100000, 0x0000000080000000| Untracked 
|   1|0x0000000080100000, 0x0000000080200000, 0x0000000080200000|100%| O|  |TAMS 0x0000000080200000, 0x0000000080100000| Untracked 
|   2|0x0000000080200000, 0x0000000080300000, 0x0000000080300000|100%| O|  |TAMS 0x0000000080300000, 0x0000000080200000| Untracked 
|   3|0x0000000080300000, 0x0000000080400000, 0x0000000080400000|100%|HS|  |TAMS 0x0000000080400000, 0x0000000080300000| Complete 
|   4|0x0000000080400000, 0x0000000080500000, 0x0000000080500000|100%|HC|  |TAMS 0x0000000080500000, 0x0000000080400000| Complete 
|   5|0x0000000080500000, 0x0000000080600000, 0x0000000080600000|100%|HC|  |TAMS 0x0000000080600000, 0x0000000080500000| Complete 
|   6|0x0000000080600000, 0x0000000080700000, 0x0000000080700000|100%| O|  |TAMS 0x0000000080700000, 0x0000000080600000| Untracked 
|   7|0x0000000080700000, 0x0000000080800000, 0x0000000080800000|100%| O|  |TAMS 0x0000000080800000, 0x0000000080700000| Untracked 
|   8|0x0000000080800000, 0x0000000080900000, 0x0000000080900000|100%| O|  |TAMS 0x0000000080900000, 0x0000000080800000| Untracked 
|   9|0x0000000080900000, 0x00000000809c0800, 0x0000000080a00000| 75%| O|  |TAMS 0x00000000809c0800, 0x0000000080900000| Untracked 
|  10|0x0000000080a00000, 0x0000000080b00000, 0x0000000080b00000|100%| O|  |TAMS 0x0000000080b00000, 0x0000000080a00000| Untracked 
|  11|0x0000000080b00000, 0x0000000080c00000, 0x0000000080c00000|100%| O|  |TAMS 0x0000000080c00000, 0x0000000080b00000| Untracked 
|  12|0x0000000080c00000, 0x0000000080d00000, 0x0000000080d00000|100%| O|  |TAMS 0x0000000080d00000, 0x0000000080c00000| Untracked 
|  13|0x0000000080d00000, 0x0000000080e00000, 0x0000000080e00000|100%| O|  |TAMS 0x0000000080e00000, 0x0000000080d00000| Untracked 
|  14|0x0000000080e00000, 0x0000000080f00000, 0x0000000080f00000|100%| O|  |TAMS 0x0000000080f00000, 0x0000000080e00000| Untracked 
|  15|0x0000000080f00000, 0x0000000081000000, 0x0000000081000000|100%| O|  |TAMS 0x0000000081000000, 0x0000000080f00000| Untracked 
|  16|0x0000000081000000, 0x0000000081100000, 0x0000000081100000|100%| O|  |TAMS 0x0000000081100000, 0x0000000081000000| Untracked 
|  17|0x0000000081100000, 0x0000000081200000, 0x0000000081200000|100%| O|  |TAMS 0x0000000081200000, 0x0000000081100000| Untracked 
|  18|0x0000000081200000, 0x0000000081300000, 0x0000000081300000|100%| O|  |TAMS 0x0000000081300000, 0x0000000081200000| Untracked 
|  19|0x0000000081300000, 0x0000000081400000, 0x0000000081400000|100%| O|  |TAMS 0x0000000081400000, 0x0000000081300000| Untracked 
|  20|0x0000000081400000, 0x0000000081500000, 0x0000000081500000|100%| O|  |TAMS 0x0000000081500000, 0x0000000081400000| Untracked 
|  21|0x0000000081500000, 0x0000000081600000, 0x0000000081600000|100%| O|  |TAMS 0x0000000081600000, 0x0000000081500000| Untracked 
|  22|0x0000000081600000, 0x0000000081700000, 0x0000000081700000|100%| O|  |TAMS 0x0000000081700000, 0x0000000081600000| Untracked 
|  23|0x0000000081700000, 0x0000000081800000, 0x0000000081800000|100%| O|  |TAMS 0x0000000081800000, 0x0000000081700000| Untracked 
|  24|0x0000000081800000, 0x0000000081900000, 0x0000000081900000|100%| O|  |TAMS 0x0000000081900000, 0x0000000081800000| Untracked 
|  25|0x0000000081900000, 0x0000000081a00000, 0x0000000081a00000|100%| O|  |TAMS 0x0000000081a00000, 0x0000000081900000| Untracked 
|  26|0x0000000081a00000, 0x0000000081b00000, 0x0000000081b00000|100%|HS|  |TAMS 0x0000000081b00000, 0x0000000081a00000| Complete 
|  27|0x0000000081b00000, 0x0000000081c00000, 0x0000000081c00000|100%|HS|  |TAMS 0x0000000081c00000, 0x0000000081b00000| Complete 
|  28|0x0000000081c00000, 0x0000000081d00000, 0x0000000081d00000|100%|HS|  |TAMS 0x0000000081d00000, 0x0000000081c00000| Complete 
|  29|0x0000000081d00000, 0x0000000081e00000, 0x0000000081e00000|100%| O|  |TAMS 0x0000000081e00000, 0x0000000081d00000| Untracked 
|  30|0x0000000081e00000, 0x0000000081f00000, 0x0000000081f00000|100%| O|  |TAMS 0x0000000081f00000, 0x0000000081e00000| Untracked 
|  31|0x0000000081f00000, 0x0000000082000000, 0x0000000082000000|100%|HS|  |TAMS 0x0000000082000000, 0x0000000081f00000| Complete 
|  32|0x0000000082000000, 0x0000000082100000, 0x0000000082100000|100%|HC|  |TAMS 0x0000000082100000, 0x0000000082000000| Complete 
|  33|0x0000000082100000, 0x0000000082200000, 0x0000000082200000|100%|HC|  |TAMS 0x0000000082200000, 0x0000000082100000| Complete 
|  34|0x0000000082200000, 0x0000000082300000, 0x0000000082300000|100%| O|  |TAMS 0x0000000082300000, 0x0000000082200000| Untracked 
|  35|0x0000000082300000, 0x0000000082400000, 0x0000000082400000|100%| O|  |TAMS 0x0000000082400000, 0x0000000082300000| Untracked 
|  36|0x0000000082400000, 0x0000000082500000, 0x0000000082500000|100%| O|  |TAMS 0x0000000082500000, 0x0000000082400000| Untracked 
|  37|0x0000000082500000, 0x0000000082600000, 0x0000000082600000|100%| O|  |TAMS 0x0000000082600000, 0x0000000082500000| Untracked 
|  38|0x0000000082600000, 0x0000000082700000, 0x0000000082700000|100%| O|  |TAMS 0x0000000082700000, 0x0000000082600000| Untracked 
|  39|0x0000000082700000, 0x0000000082800000, 0x0000000082800000|100%|HS|  |TAMS 0x0000000082800000, 0x0000000082700000| Complete 
|  40|0x0000000082800000, 0x0000000082900000, 0x0000000082900000|100%|HC|  |TAMS 0x0000000082900000, 0x0000000082800000| Complete 
|  41|0x0000000082900000, 0x0000000082a00000, 0x0000000082a00000|100%| O|  |TAMS 0x0000000082a00000, 0x0000000082900000| Untracked 
|  42|0x0000000082a00000, 0x0000000082b00000, 0x0000000082b00000|100%| O|  |TAMS 0x0000000082b00000, 0x0000000082a00000| Untracked 
|  43|0x0000000082b00000, 0x0000000082c00000, 0x0000000082c00000|100%| O|  |TAMS 0x0000000082c00000, 0x0000000082b00000| Untracked 
|  44|0x0000000082c00000, 0x0000000082d00000, 0x0000000082d00000|100%| O|  |TAMS 0x0000000082d00000, 0x0000000082c00000| Untracked 
|  45|0x0000000082d00000, 0x0000000082e00000, 0x0000000082e00000|100%| O|  |TAMS 0x0000000082e00000, 0x0000000082d00000| Untracked 
|  46|0x0000000082e00000, 0x0000000082f00000, 0x0000000082f00000|100%| O|  |TAMS 0x0000000082f00000, 0x0000000082e00000| Untracked 
|  47|0x0000000082f00000, 0x0000000083000000, 0x0000000083000000|100%| O|  |TAMS 0x0000000083000000, 0x0000000082f00000| Untracked 
|  48|0x0000000083000000, 0x0000000083100000, 0x0000000083100000|100%| O|  |TAMS 0x0000000083100000, 0x0000000083000000| Untracked 
|  49|0x0000000083100000, 0x0000000083200000, 0x0000000083200000|100%| O|  |TAMS 0x0000000083125e00, 0x0000000083100000| Untracked 
|  50|0x0000000083200000, 0x0000000083300000, 0x0000000083300000|100%| O|  |TAMS 0x0000000083200000, 0x0000000083200000| Untracked 
|  51|0x0000000083300000, 0x0000000083400000, 0x0000000083400000|100%| O|  |TAMS 0x0000000083300000, 0x0000000083300000| Untracked 
|  52|0x0000000083400000, 0x0000000083433a00, 0x0000000083500000| 20%| O|  |TAMS 0x0000000083400000, 0x0000000083400000| Untracked 
|  53|0x0000000083500000, 0x0000000083500000, 0x0000000083600000|  0%| F|  |TAMS 0x0000000083500000, 0x0000000083500000| Untracked 
|  54|0x0000000083600000, 0x0000000083600000, 0x0000000083700000|  0%| F|  |TAMS 0x0000000083600000, 0x0000000083600000| Untracked 
|  55|0x0000000083700000, 0x0000000083700000, 0x0000000083800000|  0%| F|  |TAMS 0x0000000083700000, 0x0000000083700000| Untracked 
|  56|0x0000000083800000, 0x0000000083800000, 0x0000000083900000|  0%| F|  |TAMS 0x0000000083800000, 0x0000000083800000| Untracked 
|  57|0x0000000083900000, 0x0000000083900000, 0x0000000083a00000|  0%| F|  |TAMS 0x0000000083900000, 0x0000000083900000| Untracked 
|  58|0x0000000083a00000, 0x0000000083a00000, 0x0000000083b00000|  0%| F|  |TAMS 0x0000000083a00000, 0x0000000083a00000| Untracked 
|  59|0x0000000083b00000, 0x0000000083b00000, 0x0000000083c00000|  0%| F|  |TAMS 0x0000000083b00000, 0x0000000083b00000| Untracked 
|  60|0x0000000083c00000, 0x0000000083c00000, 0x0000000083d00000|  0%| F|  |TAMS 0x0000000083c00000, 0x0000000083c00000| Untracked 
|  61|0x0000000083d00000, 0x0000000083d00000, 0x0000000083e00000|  0%| F|  |TAMS 0x0000000083d00000, 0x0000000083d00000| Untracked 
|  62|0x0000000083e00000, 0x0000000083e00000, 0x0000000083f00000|  0%| F|  |TAMS 0x0000000083e00000, 0x0000000083e00000| Untracked 
|  63|0x0000000083f00000, 0x0000000083f00000, 0x0000000084000000|  0%| F|  |TAMS 0x0000000083f00000, 0x0000000083f00000| Untracked 
|  64|0x0000000084000000, 0x0000000084000000, 0x0000000084100000|  0%| F|  |TAMS 0x0000000084000000, 0x0000000084000000| Untracked 
|  65|0x0000000084100000, 0x0000000084100000, 0x0000000084200000|  0%| F|  |TAMS 0x0000000084100000, 0x0000000084100000| Untracked 
|  66|0x0000000084200000, 0x0000000084200000, 0x0000000084300000|  0%| F|  |TAMS 0x0000000084200000, 0x0000000084200000| Untracked 
|  67|0x0000000084300000, 0x0000000084300000, 0x0000000084400000|  0%| F|  |TAMS 0x0000000084300000, 0x0000000084300000| Untracked 
|  68|0x0000000084400000, 0x0000000084400000, 0x0000000084500000|  0%| F|  |TAMS 0x0000000084400000, 0x0000000084400000| Untracked 
|  69|0x0000000084500000, 0x0000000084500000, 0x0000000084600000|  0%| F|  |TAMS 0x0000000084500000, 0x0000000084500000| Untracked 
|  70|0x0000000084600000, 0x0000000084600000, 0x0000000084700000|  0%| F|  |TAMS 0x0000000084600000, 0x0000000084600000| Untracked 
|  71|0x0000000084700000, 0x0000000084713010, 0x0000000084800000|  7%| S|CS|TAMS 0x0000000084700000, 0x0000000084700000| Complete 
|  72|0x0000000084800000, 0x0000000084900000, 0x0000000084900000|100%| S|CS|TAMS 0x0000000084800000, 0x0000000084800000| Complete 
|  73|0x0000000084900000, 0x0000000084a00000, 0x0000000084a00000|100%| S|CS|TAMS 0x0000000084900000, 0x0000000084900000| Complete 
|  74|0x0000000084a00000, 0x0000000084a00000, 0x0000000084b00000|  0%| F|  |TAMS 0x0000000084a00000, 0x0000000084a00000| Untracked 
|  75|0x0000000084b00000, 0x0000000084b00000, 0x0000000084c00000|  0%| F|  |TAMS 0x0000000084b00000, 0x0000000084b00000| Untracked 
|  76|0x0000000084c00000, 0x0000000084c00000, 0x0000000084d00000|  0%| F|  |TAMS 0x0000000084c00000, 0x0000000084c00000| Untracked 
|  77|0x0000000084d00000, 0x0000000084d00000, 0x0000000084e00000|  0%| F|  |TAMS 0x0000000084d00000, 0x0000000084d00000| Untracked 
|  78|0x0000000084e00000, 0x0000000084e00000, 0x0000000084f00000|  0%| F|  |TAMS 0x0000000084e00000, 0x0000000084e00000| Untracked 
|  79|0x0000000084f00000, 0x0000000084f00000, 0x0000000085000000|  0%| F|  |TAMS 0x0000000084f00000, 0x0000000084f00000| Untracked 
|  80|0x0000000085000000, 0x0000000085000000, 0x0000000085100000|  0%| F|  |TAMS 0x0000000085000000, 0x0000000085000000| Untracked 
|  81|0x0000000085100000, 0x0000000085100000, 0x0000000085200000|  0%| F|  |TAMS 0x0000000085100000, 0x0000000085100000| Untracked 
|  82|0x0000000085200000, 0x0000000085200000, 0x0000000085300000|  0%| F|  |TAMS 0x0000000085200000, 0x0000000085200000| Untracked 
|  83|0x0000000085300000, 0x0000000085300000, 0x0000000085400000|  0%| F|  |TAMS 0x0000000085300000, 0x0000000085300000| Untracked 
| 134|0x0000000088600000, 0x0000000088600000, 0x0000000088700000|  0%| F|  |TAMS 0x0000000088600000, 0x0000000088600000| Untracked 
| 135|0x0000000088700000, 0x0000000088778a30, 0x0000000088800000| 47%| E|  |TAMS 0x0000000088700000, 0x0000000088700000| Complete 
| 136|0x0000000088800000, 0x0000000088900000, 0x0000000088900000|100%| E|CS|TAMS 0x0000000088800000, 0x0000000088800000| Complete 
| 137|0x0000000088900000, 0x0000000088a00000, 0x0000000088a00000|100%| E|CS|TAMS 0x0000000088900000, 0x0000000088900000| Complete 
| 138|0x0000000088a00000, 0x0000000088b00000, 0x0000000088b00000|100%| E|CS|TAMS 0x0000000088a00000, 0x0000000088a00000| Complete 
| 139|0x0000000088b00000, 0x0000000088c00000, 0x0000000088c00000|100%| E|CS|TAMS 0x0000000088b00000, 0x0000000088b00000| Complete 
| 140|0x0000000088c00000, 0x0000000088d00000, 0x0000000088d00000|100%| E|CS|TAMS 0x0000000088c00000, 0x0000000088c00000| Complete 
| 141|0x0000000088d00000, 0x0000000088e00000, 0x0000000088e00000|100%| E|CS|TAMS 0x0000000088d00000, 0x0000000088d00000| Complete 
| 142|0x0000000088e00000, 0x0000000088f00000, 0x0000000088f00000|100%| E|CS|TAMS 0x0000000088e00000, 0x0000000088e00000| Complete 
| 143|0x0000000088f00000, 0x0000000089000000, 0x0000000089000000|100%| E|CS|TAMS 0x0000000088f00000, 0x0000000088f00000| Complete 
| 144|0x0000000089000000, 0x0000000089100000, 0x0000000089100000|100%| E|CS|TAMS 0x0000000089000000, 0x0000000089000000| Complete 
| 248|0x000000008f800000, 0x000000008f900000, 0x000000008f900000|100%| E|CS|TAMS 0x000000008f800000, 0x000000008f800000| Complete 
| 249|0x000000008f900000, 0x000000008fa00000, 0x000000008fa00000|100%| E|CS|TAMS 0x000000008f900000, 0x000000008f900000| Complete 

Card table byte_map: [0x00000200eb970000,0x00000200ebd70000] _byte_map_base: 0x00000200eb570000

Marking Bits (Prev, Next): (CMBitMap*) 0x00000200d4045490, (CMBitMap*) 0x00000200d4045450
 Prev Bits: [0x00000200ee170000, 0x00000200f0170000)
 Next Bits: [0x00000200ec170000, 0x00000200ee170000)

Polling page: 0x00000200d1fa0000

Metaspace:

Usage:
  Non-class:     49.85 MB capacity,    49.32 MB ( 99%) used,   461.75 KB ( <1%) free+waste,    82.69 KB ( <1%) overhead. 
      Class:      7.44 MB capacity,     7.22 MB ( 97%) used,   185.16 KB (  2%) free+waste,    32.62 KB ( <1%) overhead. 
       Both:     57.29 MB capacity,    56.55 MB ( 99%) used,   646.91 KB (  1%) free+waste,   115.31 KB ( <1%) overhead. 

Virtual space:
  Non-class space:       50.00 MB reserved,      49.92 MB (>99%) committed 
      Class space:        1.00 GB reserved,       7.50 MB ( <1%) committed 
             Both:        1.05 GB reserved,      57.42 MB (  5%) committed 

Chunk freelists:
   Non-Class:  5.00 KB
       Class:  1.00 KB
        Both:  6.00 KB

MaxMetaspaceSize: 17179869184.00 GB
CompressedClassSpaceSize: 1.00 GB

CodeHeap 'non-profiled nmethods': size=120000Kb used=3401Kb max_used=3546Kb free=116598Kb
 bounds [0x00000200e3d10000, 0x00000200e4090000, 0x00000200eb240000]
CodeHeap 'profiled nmethods': size=120000Kb used=11730Kb max_used=11730Kb free=108269Kb
 bounds [0x00000200dc7e0000, 0x00000200dd360000, 0x00000200e3d10000]
CodeHeap 'non-nmethods': size=5760Kb used=2365Kb max_used=2410Kb free=3395Kb
 bounds [0x00000200dc240000, 0x00000200dc4b0000, 0x00000200dc7e0000]
 total_blobs=6916 nmethods=6063 adapters=765
 compilation: enabled
              stopped_count=0, restarted_count=0
 full_count=0

Compilation events (20 events):
Event: 11.050 Thread 0x00000200f34fa200 nmethod 6858 0x00000200e3ee1110 code [0x00000200e3ee12a0, 0x00000200e3ee1498]
Event: 11.058 Thread 0x00000200f34fa200 6859       4       org.codehaus.groovy.util.LazyReference::get (44 bytes)
Event: 11.060 Thread 0x00000200f34fccc0 6861       3       sun.reflect.misc.ReflectUtil::checkPackageAccess (77 bytes)
Event: 11.061 Thread 0x00000200f34fccc0 nmethod 6861 0x00000200dd33c810 code [0x00000200dd33cb00, 0x00000200dd33d948]
Event: 11.063 Thread 0x00000200f34fccc0 6862       3       org.codehaus.groovy.reflection.CachedField::isStatic (8 bytes)
Event: 11.063 Thread 0x00000200f34fccc0 nmethod 6862 0x00000200dd33de90 code [0x00000200dd33e040, 0x00000200dd33e278]
Event: 11.065 Thread 0x00000200f34fccc0 6863       3       org.codehaus.groovy.util.FastArray::set (8 bytes)
Event: 11.065 Thread 0x00000200f34fccc0 nmethod 6863 0x00000200dd33e390 code [0x00000200dd33e540, 0x00000200dd33e7f8]
Event: 11.067 Thread 0x00000200f34fccc0 6864       1       sun.reflect.generics.tree.ClassSignature::getSuperInterfaces (5 bytes)
Event: 11.067 Thread 0x00000200f34fccc0 nmethod 6864 0x00000200e3ee0e10 code [0x00000200e3ee0fa0, 0x00000200e3ee1058]
Event: 11.069 Thread 0x00000200f34fccc0 6866       3       org.codehaus.groovy.runtime.metaclass.MetaMethodIndex::resize (103 bytes)
Event: 11.070 Thread 0x00000200f34fccc0 nmethod 6866 0x00000200dd33e910 code [0x00000200dd33eae0, 0x00000200dd33f0b8]
Event: 11.072 Thread 0x00000200f34fccc0 6867   !   3       com.sun.beans.introspect.ClassInfo::getMethods (47 bytes)
Event: 11.072 Thread 0x00000200f34fccc0 nmethod 6867 0x00000200dd33f290 code [0x00000200dd33f440, 0x00000200dd33f748]
Event: 11.072 Thread 0x00000200f34fccc0 6868       3       java.util.LinkedList::addFirst (6 bytes)
Event: 11.073 Thread 0x00000200f34fccc0 nmethod 6868 0x00000200dd33f890 code [0x00000200dd33fa40, 0x00000200dd33fb68]
Event: 11.073 Thread 0x00000200f34fccc0 6869       3       java.util.LinkedList::linkFirst (59 bytes)
Event: 11.073 Thread 0x00000200f34fccc0 nmethod 6869 0x00000200dd33fc10 code [0x00000200dd33fde0, 0x00000200dd340238]
Event: 11.076 Thread 0x00000200f34fccc0 6870       3       com.sun.beans.util.Cache::hash (49 bytes)
Event: 11.076 Thread 0x00000200f34fccc0 nmethod 6870 0x00000200dd340390 code [0x00000200dd340540, 0x00000200dd3407b8]

GC Heap History (20 events):
Event: 6.624 GC heap before
{Heap before GC invocations=9 (full 0):
 garbage-first heap   total 75776K, used 55793K [0x0000000080000000, 0x0000000100000000)
  region size 1024K, 30 young (30720K), 3 survivors (3072K)
 Metaspace       used 38089K, capacity 38736K, committed 39088K, reserved 1083392K
  class space    used 5068K, capacity 5256K, committed 5376K, reserved 1048576K
}
Event: 6.628 GC heap after
{Heap after GC invocations=10 (full 0):
 garbage-first heap   total 75776K, used 30129K [0x0000000080000000, 0x0000000100000000)
  region size 1024K, 3 young (3072K), 3 survivors (3072K)
 Metaspace       used 38089K, capacity 38736K, committed 39088K, reserved 1083392K
  class space    used 5068K, capacity 5256K, committed 5376K, reserved 1048576K
}
Event: 7.381 GC heap before
{Heap before GC invocations=10 (full 0):
 garbage-first heap   total 75776K, used 59825K [0x0000000080000000, 0x0000000100000000)
  region size 1024K, 28 young (28672K), 3 survivors (3072K)
 Metaspace       used 38755K, capacity 39392K, committed 39600K, reserved 1083392K
  class space    used 5135K, capacity 5324K, committed 5376K, reserved 1048576K
}
Event: 7.387 GC heap after
{Heap after GC invocations=11 (full 0):
 garbage-first heap   total 75776K, used 43061K [0x0000000080000000, 0x0000000100000000)
  region size 1024K, 4 young (4096K), 4 survivors (4096K)
 Metaspace       used 38755K, capacity 39392K, committed 39600K, reserved 1083392K
  class space    used 5135K, capacity 5324K, committed 5376K, reserved 1048576K
}
Event: 7.814 GC heap before
{Heap before GC invocations=12 (full 0):
 garbage-first heap   total 78848K, used 58421K [0x0000000080000000, 0x0000000100000000)
  region size 1024K, 18 young (18432K), 4 survivors (4096K)
 Metaspace       used 40187K, capacity 40959K, committed 41136K, reserved 1085440K
  class space    used 5325K, capacity 5576K, committed 5632K, reserved 1048576K
}
Event: 7.818 GC heap after
{Heap after GC invocations=13 (full 0):
 garbage-first heap   total 78848K, used 47818K [0x0000000080000000, 0x0000000100000000)
  region size 1024K, 3 young (3072K), 3 survivors (3072K)
 Metaspace       used 40187K, capacity 40959K, committed 41136K, reserved 1085440K
  class space    used 5325K, capacity 5576K, committed 5632K, reserved 1048576K
}
Event: 8.138 GC heap before
{Heap before GC invocations=13 (full 0):
 garbage-first heap   total 78848K, used 61130K [0x0000000080000000, 0x0000000100000000)
  region size 1024K, 16 young (16384K), 3 survivors (3072K)
 Metaspace       used 42231K, capacity 42993K, committed 43184K, reserved 1087488K
  class space    used 5559K, capacity 5805K, committed 5888K, reserved 1048576K
}
Event: 8.141 GC heap after
{Heap after GC invocations=14 (full 0):
 garbage-first heap   total 78848K, used 48216K [0x0000000080000000, 0x0000000100000000)
  region size 1024K, 1 young (1024K), 1 survivors (1024K)
 Metaspace       used 42231K, capacity 42993K, committed 43184K, reserved 1087488K
  class space    used 5559K, capacity 5805K, committed 5888K, reserved 1048576K
}
Event: 8.641 GC heap before
{Heap before GC invocations=15 (full 0):
 garbage-first heap   total 86016K, used 60504K [0x0000000080000000, 0x0000000100000000)
  region size 1024K, 14 young (14336K), 1 survivors (1024K)
 Metaspace       used 44725K, capacity 45600K, committed 45744K, reserved 1089536K
  class space    used 5879K, capacity 6137K, committed 6144K, reserved 1048576K
}
Event: 8.644 GC heap after
{Heap after GC invocations=16 (full 0):
 garbage-first heap   total 86016K, used 48876K [0x0000000080000000, 0x0000000100000000)
  region size 1024K, 2 young (2048K), 2 survivors (2048K)
 Metaspace       used 44725K, capacity 45600K, committed 45744K, reserved 1089536K
  class space    used 5879K, capacity 6137K, committed 6144K, reserved 1048576K
}
Event: 9.130 GC heap before
{Heap before GC invocations=16 (full 0):
 garbage-first heap   total 86016K, used 65260K [0x0000000080000000, 0x0000000100000000)
  region size 1024K, 19 young (19456K), 2 survivors (2048K)
 Metaspace       used 48092K, capacity 48844K, committed 49200K, reserved 1091584K
  class space    used 6197K, capacity 6427K, committed 6528K, reserved 1048576K
}
Event: 9.133 GC heap after
{Heap after GC invocations=17 (full 0):
 garbage-first heap   total 86016K, used 49615K [0x0000000080000000, 0x0000000100000000)
  region size 1024K, 2 young (2048K), 2 survivors (2048K)
 Metaspace       used 48092K, capacity 48844K, committed 49200K, reserved 1091584K
  class space    used 6197K, capacity 6427K, committed 6528K, reserved 1048576K
}
Event: 9.683 GC heap before
{Heap before GC invocations=18 (full 0):
 garbage-first heap   total 87040K, used 67023K [0x0000000080000000, 0x0000000100000000)
  region size 1024K, 20 young (20480K), 2 survivors (2048K)
 Metaspace       used 51830K, capacity 52669K, committed 52784K, reserved 1095680K
  class space    used 6679K, capacity 6928K, committed 7040K, reserved 1048576K
}
Event: 9.688 GC heap after
{Heap after GC invocations=19 (full 0):
 garbage-first heap   total 87040K, used 51609K [0x0000000080000000, 0x0000000100000000)
  region size 1024K, 3 young (3072K), 3 survivors (3072K)
 Metaspace       used 51830K, capacity 52669K, committed 52784K, reserved 1095680K
  class space    used 6679K, capacity 6928K, committed 7040K, reserved 1048576K
}
Event: 9.983 GC heap before
{Heap before GC invocations=19 (full 0):
 garbage-first heap   total 87040K, used 69017K [0x0000000080000000, 0x0000000100000000)
  region size 1024K, 21 young (21504K), 3 survivors (3072K)
 Metaspace       used 53151K, capacity 54006K, committed 54192K, reserved 1095680K
  class space    used 6842K, capacity 7092K, committed 7168K, reserved 1048576K
}
Event: 9.987 GC heap after
{Heap after GC invocations=20 (full 0):
 garbage-first heap   total 87040K, used 53145K [0x0000000080000000, 0x0000000100000000)
  region size 1024K, 3 young (3072K), 3 survivors (3072K)
 Metaspace       used 53151K, capacity 54006K, committed 54192K, reserved 1095680K
  class space    used 6842K, capacity 7092K, committed 7168K, reserved 1048576K
}
Event: 10.300 GC heap before
{Heap before GC invocations=21 (full 0):
 garbage-first heap   total 96256K, used 68505K [0x0000000080000000, 0x0000000100000000)
  region size 1024K, 19 young (19456K), 3 survivors (3072K)
 Metaspace       used 54684K, capacity 55522K, committed 55600K, reserved 1097728K
  class space    used 7003K, capacity 7254K, committed 7296K, reserved 1048576K
}
Event: 10.305 GC heap after
{Heap after GC invocations=22 (full 0):
 garbage-first heap   total 96256K, used 54978K [0x0000000080000000, 0x0000000100000000)
  region size 1024K, 2 young (2048K), 2 survivors (2048K)
 Metaspace       used 54684K, capacity 55522K, committed 55600K, reserved 1097728K
  class space    used 7003K, capacity 7254K, committed 7296K, reserved 1048576K
}
Event: 10.895 GC heap before
{Heap before GC invocations=23 (full 0):
 garbage-first heap   total 99328K, used 77506K [0x0000000080000000, 0x0000000100000000)
  region size 1024K, 23 young (23552K), 2 survivors (2048K)
 Metaspace       used 57183K, capacity 57938K, committed 58160K, reserved 1099776K
  class space    used 7321K, capacity 7545K, committed 7552K, reserved 1048576K
}
Event: 10.898 GC heap after
{Heap after GC invocations=24 (full 0):
 garbage-first heap   total 99328K, used 55324K [0x0000000080000000, 0x0000000100000000)
  region size 1024K, 3 young (3072K), 3 survivors (3072K)
 Metaspace       used 57183K, capacity 57938K, committed 58160K, reserved 1099776K
  class space    used 7321K, capacity 7545K, committed 7552K, reserved 1048576K
}

Deoptimization events (20 events):
Event: 10.633 Thread 0x00000200f5f08830 DEOPT PACKING pc=0x00000200dcd5ca99 sp=0x0000006ab09f8760
Event: 10.633 Thread 0x00000200f5f08830 DEOPT UNPACKING pc=0x00000200dc28e23f sp=0x0000006ab09f7c50 mode 0
Event: 10.633 Thread 0x00000200f5f08830 DEOPT PACKING pc=0x00000200dcd4ef56 sp=0x0000006ab09f8790
Event: 10.633 Thread 0x00000200f5f08830 DEOPT UNPACKING pc=0x00000200dc28e23f sp=0x0000006ab09f7c58 mode 0
Event: 10.636 Thread 0x00000200f5f08830 DEOPT PACKING pc=0x00000200dcd5c7a1 sp=0x0000006ab09f8760
Event: 10.636 Thread 0x00000200f5f08830 DEOPT UNPACKING pc=0x00000200dc28e23f sp=0x0000006ab09f7c40 mode 0
Event: 10.636 Thread 0x00000200f5f08830 DEOPT PACKING pc=0x00000200dcd4ef56 sp=0x0000006ab09f8790
Event: 10.636 Thread 0x00000200f5f08830 DEOPT UNPACKING pc=0x00000200dc28e23f sp=0x0000006ab09f7c58 mode 0
Event: 10.637 Thread 0x00000200f5f08830 Uncommon trap: trap_request=0xffffff45 fr.pc=0x00000200e3db9604 relative=0x0000000000000564
Event: 10.637 Thread 0x00000200f5f08830 Uncommon trap: reason=unstable_if action=reinterpret pc=0x00000200e3db9604 method=java.lang.String.replace(CC)Ljava/lang/String; @ 2 c2
Event: 10.637 Thread 0x00000200f5f08830 DEOPT PACKING pc=0x00000200e3db9604 sp=0x0000006ab09f8870
Event: 10.638 Thread 0x00000200f5f08830 DEOPT UNPACKING pc=0x00000200dc28e42f sp=0x0000006ab09f8820 mode 2
Event: 10.830 Thread 0x00000200f5f08830 Uncommon trap: trap_request=0xffffff45 fr.pc=0x00000200e3e62780 relative=0x0000000000004c60
Event: 10.830 Thread 0x00000200f5f08830 Uncommon trap: reason=unstable_if action=reinterpret pc=0x00000200e3e62780 method=sun.net.www.protocol.jar.Handler.parseURL(Ljava/net/URL;Ljava/lang/String;II)V @ 116 c2
Event: 10.830 Thread 0x00000200f5f08830 DEOPT PACKING pc=0x00000200e3e62780 sp=0x0000006ab09f8930
Event: 10.830 Thread 0x00000200f5f08830 DEOPT UNPACKING pc=0x00000200dc28e42f sp=0x0000006ab09f8828 mode 2
Event: 11.011 Thread 0x00000200f5f08830 Uncommon trap: trap_request=0xffffff45 fr.pc=0x00000200e4071ec8 relative=0x0000000000001488
Event: 11.011 Thread 0x00000200f5f08830 Uncommon trap: reason=unstable_if action=reinterpret pc=0x00000200e4071ec8 method=java.util.concurrent.ConcurrentHashMap.putVal(Ljava/lang/Object;Ljava/lang/Object;Z)Ljava/lang/Object; @ 245 c2
Event: 11.011 Thread 0x00000200f5f08830 DEOPT PACKING pc=0x00000200e4071ec8 sp=0x0000006ab09f7c70
Event: 11.011 Thread 0x00000200f5f08830 DEOPT UNPACKING pc=0x00000200dc28e42f sp=0x0000006ab09f7bf8 mode 2

Classes unloaded (0 events):
No events

Classes redefined (0 events):
No events

Internal exceptions (20 events):
Event: 10.984 Thread 0x00000200f5f08830 Exception <a 'java/lang/ClassNotFoundException'{0x0000000089054ba8}: org/gradle/api/plugins/internal/DefaultBasePluginConventionBeanInfo> (0x0000000089054ba8) 
thrown [./open/src/hotspot/share/classfile/systemDictionary.cpp, line 295]
Event: 10.985 Thread 0x00000200f5f08830 Exception <a 'java/lang/ClassNotFoundException'{0x000000008906a778}: org/gradle/api/plugins/BasePluginConventionBeanInfo> (0x000000008906a778) 
thrown [./open/src/hotspot/share/classfile/systemDictionary.cpp, line 295]
Event: 10.986 Thread 0x00000200f5f08830 Exception <a 'java/lang/ClassNotFoundException'{0x0000000089080570}: org/gradle/api/plugins/BasePluginConventionCustomizer> (0x0000000089080570) 
thrown [./open/src/hotspot/share/classfile/systemDictionary.cpp, line 295]
Event: 10.987 Thread 0x00000200f5f08830 Exception <a 'java/lang/ClassNotFoundException'{0x00000000890a0730}: org/gradle/api/plugins/internal/DefaultBasePluginConventionCustomizer> (0x00000000890a0730) 
thrown [./open/src/hotspot/share/classfile/systemDictionary.cpp, line 295]
Event: 10.990 Thread 0x00000200f5f08830 Exception <a 'java/lang/ClassNotFoundException'{0x00000000890eb0a0}: org/gradle/api/plugins/internal/DefaultJavaPluginConventionBeanInfo> (0x00000000890eb0a0) 
thrown [./open/src/hotspot/share/classfile/systemDictionary.cpp, line 295]
Event: 10.991 Thread 0x00000200f5f08830 Exception <a 'java/lang/ClassNotFoundException'{0x0000000088f014a0}: org/gradle/api/plugins/JavaPluginConventionBeanInfo> (0x0000000088f014a0) 
thrown [./open/src/hotspot/share/classfile/systemDictionary.cpp, line 295]
Event: 10.992 Thread 0x00000200f5f08830 Exception <a 'java/lang/ClassNotFoundException'{0x0000000088f17038}: org/gradle/api/plugins/JavaPluginConventionCustomizer> (0x0000000088f17038) 
thrown [./open/src/hotspot/share/classfile/systemDictionary.cpp, line 295]
Event: 10.993 Thread 0x00000200f5f08830 Exception <a 'java/lang/ClassNotFoundException'{0x0000000088f40e58}: org/gradle/api/plugins/internal/DefaultJavaPluginConventionCustomizer> (0x0000000088f40e58) 
thrown [./open/src/hotspot/share/classfile/systemDictionary.cpp, line 295]
Event: 11.054 Thread 0x00000200f5f08830 Exception <a 'java/lang/ClassNotFoundException'{0x0000000088da3760}: org/jetbrains/kotlin/gradle/targets/js/npm/DefaultNpmDependencyExtensionBeanInfo> (0x0000000088da3760) 
thrown [./open/src/hotspot/share/classfile/systemDictionary.cpp, line 295]
Event: 11.054 Thread 0x00000200f5f08830 Exception <a 'java/lang/ClassNotFoundException'{0x0000000088dac978}: org/jetbrains/kotlin/gradle/targets/js/npm/DefaultNpmDependencyExtensionCustomizer> (0x0000000088dac978) 
thrown [./open/src/hotspot/share/classfile/systemDictionary.cpp, line 295]
Event: 11.059 Thread 0x00000200f5f08830 Exception <a 'java/lang/ClassNotFoundException'{0x0000000088c13490}: org/jetbrains/kotlin/gradle/targets/js/npm/NpmDependencyExtensionKt$defaultNpmDependencyDelegate$1BeanInfo> (0x0000000088c13490) 
thrown [./open/src/hotspot/share/classfile/systemDictionary.cpp, line 295]
Event: 11.060 Thread 0x00000200f5f08830 Exception <a 'java/lang/ClassNotFoundException'{0x0000000088c1d190}: org/jetbrains/kotlin/gradle/targets/js/npm/NpmDependencyExtensionDelegateBeanInfo> (0x0000000088c1d190) 
thrown [./open/src/hotspot/share/classfile/systemDictionary.cpp, line 295]
Event: 11.060 Thread 0x00000200f5f08830 Exception <a 'java/lang/ClassNotFoundException'{0x0000000088c26e58}: org/jetbrains/kotlin/gradle/targets/js/npm/NpmDependencyExtensionDelegateCustomizer> (0x0000000088c26e58) 
thrown [./open/src/hotspot/share/classfile/systemDictionary.cpp, line 295]
Event: 11.061 Thread 0x00000200f5f08830 Exception <a 'java/lang/ClassNotFoundException'{0x0000000088c47b20}: org/jetbrains/kotlin/gradle/targets/js/npm/NpmDependencyExtensionKt$defaultNpmDependencyDelegate$1Customizer> (0x0000000088c47b20) 
thrown [./open/src/hotspot/share/classfile/systemDictionary.cpp, line 295]
Event: 11.066 Thread 0x00000200f5f08830 Exception <a 'java/lang/ClassNotFoundException'{0x0000000088c7a200}: org/jetbrains/kotlin/gradle/targets/js/npm/DefaultDevNpmDependencyExtensionBeanInfo> (0x0000000088c7a200) 
thrown [./open/src/hotspot/share/classfile/systemDictionary.cpp, line 295]
Event: 11.066 Thread 0x00000200f5f08830 Exception <a 'java/lang/ClassNotFoundException'{0x0000000088c83430}: org/jetbrains/kotlin/gradle/targets/js/npm/DefaultDevNpmDependencyExtensionCustomizer> (0x0000000088c83430) 
thrown [./open/src/hotspot/share/classfile/systemDictionary.cpp, line 295]
Event: 11.071 Thread 0x00000200f5f08830 Exception <a 'java/lang/ClassNotFoundException'{0x0000000088cb97b0}: org/jetbrains/kotlin/gradle/targets/js/npm/DefaultPeerNpmDependencyExtensionBeanInfo> (0x0000000088cb97b0) 
thrown [./open/src/hotspot/share/classfile/systemDictionary.cpp, line 295]
Event: 11.071 Thread 0x00000200f5f08830 Exception <a 'java/lang/ClassNotFoundException'{0x0000000088cc29f0}: org/jetbrains/kotlin/gradle/targets/js/npm/DefaultPeerNpmDependencyExtensionCustomizer> (0x0000000088cc29f0) 
thrown [./open/src/hotspot/share/classfile/systemDictionary.cpp, line 295]
Event: 11.075 Thread 0x00000200f5f08830 Exception <a 'java/lang/ClassNotFoundException'{0x0000000088cff230}: org/jetbrains/kotlin/gradle/targets/js/npm/DefaultPeerNpmDependencyExtension$delegate$1BeanInfo> (0x0000000088cff230) 
thrown [./open/src/hotspot/share/classfile/systemDictionary.cpp, line 295]
Event: 11.076 Thread 0x00000200f5f08830 Exception <a 'java/lang/ClassNotFoundException'{0x0000000088b095b8}: org/jetbrains/kotlin/gradle/targets/js/npm/DefaultPeerNpmDependencyExtension$delegate$1Customizer> (0x0000000088b095b8) 
thrown [./open/src/hotspot/share/classfile/systemDictionary.cpp, line 295]

Events (20 events):
Event: 10.607 loading class org/xml/sax/ContentHandler
Event: 10.607 loading class org/xml/sax/ContentHandler done
Event: 10.607 loading class org/xml/sax/DTDHandler
Event: 10.607 loading class org/xml/sax/DTDHandler done
Event: 10.617 loading class java/util/Spliterators$IntArraySpliterator
Event: 10.617 loading class java/util/Spliterators$IntArraySpliterator done
Event: 10.621 loading class java/text/ParsePosition
Event: 10.621 loading class java/text/ParsePosition done
Event: 10.628 loading class java/text/CharacterIterator
Event: 10.628 loading class java/text/CharacterIterator done
Event: 10.689 loading class java/time/format/DateTimeFormatterBuilder$WeekBasedFieldPrinterParser
Event: 10.689 loading class java/time/format/DateTimeFormatterBuilder$WeekBasedFieldPrinterParser done
Event: 10.705 loading class com/sun/jmx/mbeanserver/StandardMBeanSupport
Event: 10.705 loading class com/sun/jmx/mbeanserver/StandardMBeanSupport done
Event: 10.706 loading class com/sun/jmx/mbeanserver/StandardMBeanIntrospector
Event: 10.706 loading class com/sun/jmx/mbeanserver/StandardMBeanIntrospector done
Event: 10.876 Thread 0x00000200f6811910 Thread exited: 0x00000200f6811910
Event: 10.894 Executing VM operation: G1CollectForAllocation
Event: 10.898 Executing VM operation: G1CollectForAllocation done
Event: 10.905 Thread 0x00000200f36ee660 Thread exited: 0x00000200f36ee660


Dynamic libraries:
0x00007ff6d33a0000 - 0x00007ff6d33ad000 	C:\Users\Muddasar\.jdks\openjdk-15.0.2\bin\java.exe
0x00007ff9c0c90000 - 0x00007ff9c0e85000 	C:\WINDOWS\SYSTEM32\ntdll.dll
0x00007ff9bfe20000 - 0x00007ff9bfede000 	C:\WINDOWS\System32\KERNEL32.DLL
0x00007ff9bea10000 - 0x00007ff9becd9000 	C:\WINDOWS\System32\KERNELBASE.dll
0x00007ff9be490000 - 0x00007ff9be590000 	C:\WINDOWS\System32\ucrtbase.dll
0x00007ff9ab530000 - 0x00007ff9ab548000 	C:\Users\Muddasar\.jdks\openjdk-15.0.2\bin\jli.dll
0x00007ff9ab1a0000 - 0x00007ff9ab1b9000 	C:\Users\Muddasar\.jdks\openjdk-15.0.2\bin\VCRUNTIME140.dll
0x00007ff9bffa0000 - 0x00007ff9c0141000 	C:\WINDOWS\System32\USER32.dll
0x00007ff9be400000 - 0x00007ff9be422000 	C:\WINDOWS\System32\win32u.dll
0x00007ff9bf040000 - 0x00007ff9bf06b000 	C:\WINDOWS\System32\GDI32.dll
0x00007ff9be710000 - 0x00007ff9be81b000 	C:\WINDOWS\System32\gdi32full.dll
0x00007ff9af240000 - 0x00007ff9af4da000 	C:\WINDOWS\WinSxS\amd64_microsoft.windows.common-controls_6595b64144ccf1df_6.0.19041.1110_none_60b5254171f9507e\COMCTL32.dll
0x00007ff9be5c0000 - 0x00007ff9be65d000 	C:\WINDOWS\System32\msvcp_win.dll
0x00007ff9c0bb0000 - 0x00007ff9c0c4e000 	C:\WINDOWS\System32\msvcrt.dll
0x00007ff9bff70000 - 0x00007ff9bffa0000 	C:\WINDOWS\System32\IMM32.DLL
0x00007ff9ab520000 - 0x00007ff9ab52c000 	C:\Users\Muddasar\.jdks\openjdk-15.0.2\bin\vcruntime140_1.dll
0x00007ff9a31f0000 - 0x00007ff9a3281000 	C:\Users\Muddasar\.jdks\openjdk-15.0.2\bin\msvcp140.dll
0x00007ff980520000 - 0x00007ff98107e000 	C:\Users\Muddasar\.jdks\openjdk-15.0.2\bin\server\jvm.dll
0x00007ff9c09d0000 - 0x00007ff9c0a7c000 	C:\WINDOWS\System32\ADVAPI32.dll
0x00007ff9bf070000 - 0x00007ff9bf10b000 	C:\WINDOWS\System32\sechost.dll
0x00007ff9c0a80000 - 0x00007ff9c0baa000 	C:\WINDOWS\System32\RPCRT4.dll
0x00007ff9bff60000 - 0x00007ff9bff68000 	C:\WINDOWS\System32\PSAPI.DLL
0x00007ff9b9c10000 - 0x00007ff9b9c19000 	C:\WINDOWS\SYSTEM32\WSOCK32.dll
0x00007ff9b5270000 - 0x00007ff9b5297000 	C:\WINDOWS\SYSTEM32\WINMM.dll
0x00007ff9b7860000 - 0x00007ff9b786a000 	C:\WINDOWS\SYSTEM32\VERSION.dll
0x00007ff9bfd90000 - 0x00007ff9bfdfb000 	C:\WINDOWS\System32\WS2_32.dll
0x00007ff9bc270000 - 0x00007ff9bc282000 	C:\WINDOWS\SYSTEM32\kernel.appcore.dll
0x00007ff9ab4c0000 - 0x00007ff9ab4ca000 	C:\Users\Muddasar\.jdks\openjdk-15.0.2\bin\jimage.dll
0x00007ff9ab5b0000 - 0x00007ff9ab794000 	C:\WINDOWS\SYSTEM32\DBGHELP.DLL
0x00007ff9aab70000 - 0x00007ff9aab9c000 	C:\WINDOWS\SYSTEM32\dbgcore.DLL
0x00007ff9be980000 - 0x00007ff9bea03000 	C:\WINDOWS\System32\bcryptPrimitives.dll
0x00007ff9a5140000 - 0x00007ff9a5165000 	C:\Users\Muddasar\.jdks\openjdk-15.0.2\bin\java.dll
0x00007ff9bf5a0000 - 0x00007ff9bfcdf000 	C:\WINDOWS\System32\SHELL32.dll
0x00007ff9bc470000 - 0x00007ff9bcc00000 	C:\WINDOWS\SYSTEM32\windows.storage.dll
0x00007ff9bece0000 - 0x00007ff9bf035000 	C:\WINDOWS\System32\combase.dll
0x00007ff9bdd20000 - 0x00007ff9bdd4c000 	C:\WINDOWS\SYSTEM32\Wldp.dll
0x00007ff9bf1a0000 - 0x00007ff9bf24d000 	C:\WINDOWS\System32\SHCORE.dll
0x00007ff9bf540000 - 0x00007ff9bf595000 	C:\WINDOWS\System32\shlwapi.dll
0x00007ff9be2f0000 - 0x00007ff9be30f000 	C:\WINDOWS\SYSTEM32\profapi.dll
0x00007ff9a6620000 - 0x00007ff9a6639000 	C:\Users\Muddasar\.jdks\openjdk-15.0.2\bin\net.dll
0x00007ff9adff0000 - 0x00007ff9ae0f8000 	C:\WINDOWS\SYSTEM32\WINHTTP.dll
0x00007ff9bdb00000 - 0x00007ff9bdb6a000 	C:\WINDOWS\system32\mswsock.dll
0x00007ff9a63d0000 - 0x00007ff9a63e2000 	C:\Users\Muddasar\.jdks\openjdk-15.0.2\bin\nio.dll
0x00007ff9a5120000 - 0x00007ff9a5138000 	C:\Users\Muddasar\.jdks\openjdk-15.0.2\bin\zip.dll
0x00007ff9a8610000 - 0x00007ff9a8620000 	C:\Users\Muddasar\.jdks\openjdk-15.0.2\bin\verify.dll
0x00007ff9a62d0000 - 0x00007ff9a62f7000 	C:\Users\Muddasar\.gradle\native\8bec1ad78214c89d9ad589b4d07fe93259594b29d510b10fafb7a158f7737e5d\windows-amd64\native-platform.dll
0x00007ff991f40000 - 0x00007ff99207d000 	C:\Users\Muddasar\.gradle\native\53dbd7edfb1c66fb8903c78663c9afc45aea4f116125fa6feffd364cf09443e8\windows-amd64\native-platform-file-events.dll
0x00007ff9a6350000 - 0x00007ff9a6359000 	C:\Users\Muddasar\.jdks\openjdk-15.0.2\bin\management.dll
0x00007ff9a5020000 - 0x00007ff9a502b000 	C:\Users\Muddasar\.jdks\openjdk-15.0.2\bin\management_ext.dll
0x00007ff9be060000 - 0x00007ff9be078000 	C:\WINDOWS\SYSTEM32\CRYPTSP.dll
0x00007ff9bd430000 - 0x00007ff9bd464000 	C:\WINDOWS\system32\rsaenh.dll
0x00007ff9be590000 - 0x00007ff9be5b7000 	C:\WINDOWS\System32\bcrypt.dll
0x00007ff9be2b0000 - 0x00007ff9be2de000 	C:\WINDOWS\SYSTEM32\USERENV.dll
0x00007ff9bdc90000 - 0x00007ff9bdc9c000 	C:\WINDOWS\SYSTEM32\CRYPTBASE.dll
0x00007ff9bd7c0000 - 0x00007ff9bd7fb000 	C:\WINDOWS\SYSTEM32\IPHLPAPI.DLL
0x00007ff9bf250000 - 0x00007ff9bf258000 	C:\WINDOWS\System32\NSI.dll
0x00007ff9b6c30000 - 0x00007ff9b6c47000 	C:\WINDOWS\SYSTEM32\dhcpcsvc6.DLL
0x00007ff9b6b80000 - 0x00007ff9b6b9d000 	C:\WINDOWS\SYSTEM32\dhcpcsvc.DLL
0x00007ff9bd810000 - 0x00007ff9bd8dc000 	C:\WINDOWS\SYSTEM32\DNSAPI.dll

dbghelp: loaded successfully - version: 4.0.5 - missing functions: none
symbol engine: initialized successfully - sym options: 0x614 - pdb path: .;C:\Users\Muddasar\.jdks\openjdk-15.0.2\bin;C:\WINDOWS\SYSTEM32;C:\WINDOWS\WinSxS\amd64_microsoft.windows.common-controls_6595b64144ccf1df_6.0.19041.1110_none_60b5254171f9507e;C:\Users\Muddasar\.jdks\openjdk-15.0.2\bin\server;C:\Users\Muddasar\.gradle\native\8bec1ad78214c89d9ad589b4d07fe93259594b29d510b10fafb7a158f7737e5d\windows-amd64;C:\Users\Muddasar\.gradle\native\53dbd7edfb1c66fb8903c78663c9afc45aea4f116125fa6feffd364cf09443e8\windows-amd64

VM Arguments:
jvm_args: --add-opens=java.base/java.util=ALL-UNNAMED --add-opens=java.base/java.lang=ALL-UNNAMED --add-opens=java.base/java.lang.invoke=ALL-UNNAMED --add-opens=java.base/java.util=ALL-UNNAMED --add-opens=java.prefs/java.util.prefs=ALL-UNNAMED --add-opens=java.prefs/java.util.prefs=ALL-UNNAMED --add-opens=java.base/java.nio.charset=ALL-UNNAMED --add-opens=java.base/java.net=ALL-UNNAMED --add-opens=java.base/java.util.concurrent.atomic=ALL-UNNAMED -Xmx2048m -Dfile.encoding=UTF-8 -Duser.country=US -Duser.language=en -Duser.variant 
java_command: org.gradle.launcher.daemon.bootstrap.GradleDaemon 7.0.2
java_class_path (initial): C:\Users\Muddasar\.gradle\wrapper\dists\gradle-7.0.2-bin\857tjihv64xamwrf0h14cai3r\gradle-7.0.2\lib\gradle-launcher-7.0.2.jar
Launcher Type: SUN_STANDARD

[Global flags]
     intx CICompilerCount                          = 4                                         {product} {ergonomic}
     uint ConcGCThreads                            = 2                                         {product} {ergonomic}
     uint G1ConcRefinementThreads                  = 8                                         {product} {ergonomic}
   size_t G1HeapRegionSize                         = 1048576                                   {product} {ergonomic}
    uintx GCDrainStackTargetSize                   = 64                                        {product} {ergonomic}
   size_t InitialHeapSize                          = 262144000                                 {product} {ergonomic}
   size_t MarkStackSize                            = 4194304                                   {product} {ergonomic}
   size_t MaxHeapSize                              = 2147483648                                {product} {command line}
   size_t MaxNewSize                               = 1287651328                                {product} {ergonomic}
   size_t MinHeapDeltaBytes                        = 1048576                                   {product} {ergonomic}
   size_t MinHeapSize                              = 8388608                                   {product} {ergonomic}
    uintx NonNMethodCodeHeapSize                   = 5839372                                {pd product} {ergonomic}
    uintx NonProfiledCodeHeapSize                  = 122909434                              {pd product} {ergonomic}
    uintx ProfiledCodeHeapSize                     = 122909434                              {pd product} {ergonomic}
    uintx ReservedCodeCacheSize                    = 251658240                              {pd product} {ergonomic}
     bool SegmentedCodeCache                       = true                                      {product} {ergonomic}
   size_t SoftMaxHeapSize                          = 2147483648                             {manageable} {ergonomic}
     bool UseCompressedClassPointers               = true                                 {lp64_product} {ergonomic}
     bool UseCompressedOops                        = true                                 {lp64_product} {ergonomic}
     bool UseG1GC                                  = true                                      {product} {ergonomic}
     bool UseLargePagesIndividualAllocation        = false                                  {pd product} {ergonomic}

Logging:
Log output configuration:
 #0: stdout all=warning uptime,level,tags
 #1: stderr all=off uptime,level,tags

Environment Variables:
PATH=C:\Python3.7\Scripts\;C:\Python3.7\;C:\Program Files\AdoptOpenJDK\jdk-11.0.10.9-hotspot\bin;C:\WINDOWS\system32;C:\WINDOWS;C:\WINDOWS\System32\Wbem;C:\WINDOWS\System32\WindowsPowerShell\v1.0\;C:\WINDOWS\System32\OpenSSH\;C:\Program Files\dotnet\;C:\Program Files\Microsoft SQL Server\130\Tools\Binn\;C:\Program Files (x86)\dotnet\;C:\Program Files\Git\cmd;C:\Program Files\nodejs\;C:\ELK-Stack\Version-7.14.1\logstash-7.14.1\bin;C:\ELK-Stack\Version-7.14.1\kibana-7.14.2-windows-x86_64\bin;C:\ELK-Stack\Version-7.14.1\elasticsearch-7.14.2\bin;;C:\Program Files\Docker\Docker\resources\bin;C:\ProgramData\DockerDesktop\version-bin;C:\Program Files\MariaDB\MariaDB Connector C 64-bit\lib\;C:\Program Files\MariaDB\MariaDB Connector C 64-bit\lib\plugin\;C:\Users\Muddasar\AppData\Local\Programs\Python\Python36-32\Scripts\;C:\Users\Muddasar\AppData\Local\Programs\Python\Python36-32\;C:\Program Files\MySQL\MySQL Shell 8.0\bin\;C:\Users\Muddasar\AppData\Local\Microsoft\WindowsApps;C:\Users\Muddasar\AppData\Local\Programs\Microsoft VS Code\bin;C:\Program Files\JetBrains\IntelliJ IDEA Community Edition 2020.3.2\bin;;C:\Users\Muddasar\.dotnet\tools;C:\Users\Muddasar\AppData\Roaming\npm;
USERNAME=Muddasar
OS=Windows_NT
PROCESSOR_IDENTIFIER=Intel64 Family 6 Model 60 Stepping 3, GenuineIntel



---------------  S Y S T E M  ---------------

OS:
 Windows 10 , 64 bit Build 19041 (10.0.19041.1202)
OS uptime: 5 days 1:48 hours
HyperV virtualization detected

CPU: total 8 (initial active 8) (4 cores per cpu, 2 threads per core) family 6 model 60 stepping 3 microcode 0x27, cmov, cx8, fxsr, mmx, sse, sse2, sse3, ssse3, sse4.1, sse4.2, popcnt, vzeroupper, avx, avx2, aes, clmul, erms, lzcnt, ht, tsc, tscinvbit, bmi1, bmi2, fma, clflush

Memory: 4k page, system-wide physical 15993M (1507M free)
TotalPageFile size 15993M (AvailPageFile size 35M)
current process WorkingSet (physical memory assigned to process): 273M, peak: 304M
current process commit charge ("private bytes"): 316M, peak: 452M

vm_info: OpenJDK 64-Bit Server VM (15.0.2+7-27) for windows-amd64 JRE (15.0.2+7-27), built on Dec  7 2020 20:02:38 by "mach5one" with unknown MS VC++:1925

END.
