#
# There is insufficient memory for the Java Runtime Environment to continue.
# Native memory allocation (mmap) failed to map 65536 bytes for Failed to commit area from 0x000001d5cc020000 to 0x000001d5cc030000 of length 65536.
# Possible reasons:
#   The system is out of physical RAM or swap space
#   The process is running with CompressedOops enabled, and the Java Heap may be blocking the growth of the native heap
# Possible solutions:
#   Reduce memory load on the system
#   Increase physical memory or swap space
#   Check if swap backing store is full
#   Decrease Java heap size (-Xmx/-Xms)
#   Decrease number of Java threads
#   Decrease Java thread stack sizes (-Xss)
#   Set larger code cache with -XX:ReservedCodeCacheSize=
# This output file may be truncated or incomplete.
#
#  Out of Memory Error (./src/hotspot/os/windows/os_windows.cpp:3301), pid=7828, tid=9100
#
# JRE version:  (11.0.10) (build )
# Java VM: OpenJDK 64-Bit Server VM (11.0.10+0-b96-7249189, mixed mode, sharing, tiered, compressed oops, g1 gc, windows-amd64)
# No core dump will be written. Minidumps are not enabled by default on client versions of Windows
#

---------------  S U M M A R Y ------------

Command Line: org.jetbrains.kotlin.cli.jvm.K2JVMCompiler @D:\Android-Kotlin\AEye\app\build\20211027_9119194203623277761.compiler.options

Host: Intel(R) Core(TM) i7-4800MQ CPU @ 2.70GHz, 8 cores, 15G,  Windows 10 , 64 bit Build 19041 (10.0.19041.1202)
Time: Wed Oct 27 16:21:26 2021 Pakistan Standard Time elapsed time: 0.010609 seconds (0d 0h 0m 0s)

---------------  T H R E A D  ---------------

Current thread (0x000001d5b70cb000):  JavaThread "Unknown thread" [_thread_in_vm, id=9100, stack(0x000000cb3ba00000,0x000000cb3bb00000)]

Stack: [0x000000cb3ba00000,0x000000cb3bb00000]
Native frames: (J=compiled Java code, j=interpreted, Vv=VM code, C=native code)
V  [jvm.dll+0x5ecfaa]
V  [jvm.dll+0x722bd5]
V  [jvm.dll+0x72412d]
V  [jvm.dll+0x7247e3]
V  [jvm.dll+0x242928]
V  [jvm.dll+0x5ea374]
V  [jvm.dll+0x5df425]
V  [jvm.dll+0x2fdebb]
V  [jvm.dll+0x2fde2a]
V  [jvm.dll+0x2fdd02]
V  [jvm.dll+0x302d05]
V  [jvm.dll+0x34b2b5]
V  [jvm.dll+0x34b9a6]
V  [jvm.dll+0x34b3a3]
V  [jvm.dll+0x2d8888]
V  [jvm.dll+0x2d9a37]
V  [jvm.dll+0x701737]
V  [jvm.dll+0x702f2c]
V  [jvm.dll+0x3587d9]
V  [jvm.dll+0x6e4fae]
V  [jvm.dll+0x3c0be3]
V  [jvm.dll+0x3c2e91]
C  [jli.dll+0x5373]
C  [ucrtbase.dll+0x21bb2]
C  [KERNEL32.DLL+0x17034]
C  [ntdll.dll+0x52651]


---------------  P R O C E S S  ---------------

Threads class SMR info:
_java_thread_list=0x000001d5b56c4800, length=0, elements={
}

Java Threads: ( => current thread )

Other Threads:
  0x000001d5b70e1800 GCTaskThread "GC Thread#0" [stack: 0x000000cb3bb00000,0x000000cb3bc00000] [id=6396]
  0x000001d5b713b000 ConcurrentGCThread "G1 Main Marker" [stack: 0x000000cb3bc00000,0x000000cb3bd00000] [id=16920]
  0x000001d5b713d000 ConcurrentGCThread "G1 Conc#0" [stack: 0x000000cb3bd00000,0x000000cb3be00000] [id=15888]

[error occurred during error reporting (printing all threads), id 0xc0000005, EXCEPTION_ACCESS_VIOLATION (0xc0000005) at pc=0x00007ffd21269107]

VM state:not at safepoint (not fully initialized)

VM Mutex/Monitor currently owned by a thread:  ([mutex/lock_event])
[0x000001d5b70c8b90] Heap_lock - owner thread: 0x000001d5b70cb000

Heap address: 0x0000000706000000, size: 4000 MB, Compressed Oops mode: Non-zero based: 0x0000000706000000
Narrow klass base: 0x0000000000000000, Narrow klass shift: 0

GC Heap History (0 events):
No events

Deoptimization events (0 events):
No events

Classes redefined (0 events):
No events

Internal exceptions (0 events):
No events

Events (1 events):
Event: 0.006 Loaded shared library C:\Program Files\Android\Android Studio\jre\bin\zip.dll


Dynamic libraries:
0x00007ff7b9490000 - 0x00007ff7b949a000 	C:\Program Files\Android\Android Studio\jre\bin\java.exe
0x00007ffd91190000 - 0x00007ffd91385000 	C:\WINDOWS\SYSTEM32\ntdll.dll
0x00007ffd8f980000 - 0x00007ffd8fa3e000 	C:\WINDOWS\System32\KERNEL32.DLL
0x00007ffd8e8b0000 - 0x00007ffd8eb79000 	C:\WINDOWS\System32\KERNELBASE.dll
0x00007ffd8eca0000 - 0x00007ffd8eda0000 	C:\WINDOWS\System32\ucrtbase.dll
0x00007ffd704b0000 - 0x00007ffd704c7000 	C:\Program Files\Android\Android Studio\jre\bin\VCRUNTIME140.dll
0x00007ffd6fe70000 - 0x00007ffd6fe89000 	C:\Program Files\Android\Android Studio\jre\bin\jli.dll
0x00007ffd90f90000 - 0x00007ffd91131000 	C:\WINDOWS\System32\USER32.dll
0x00007ffd8eb80000 - 0x00007ffd8eba2000 	C:\WINDOWS\System32\win32u.dll
0x00007ffd7f9b0000 - 0x00007ffd7fc4a000 	C:\WINDOWS\WinSxS\amd64_microsoft.windows.common-controls_6595b64144ccf1df_6.0.19041.1110_none_60b5254171f9507e\COMCTL32.dll
0x00007ffd90970000 - 0x00007ffd9099b000 	C:\WINDOWS\System32\GDI32.dll
0x00007ffd90d50000 - 0x00007ffd90dee000 	C:\WINDOWS\System32\msvcrt.dll
0x00007ffd8eda0000 - 0x00007ffd8eeab000 	C:\WINDOWS\System32\gdi32full.dll
0x00007ffd8f060000 - 0x00007ffd8f0fd000 	C:\WINDOWS\System32\msvcp_win.dll
0x00007ffd90d20000 - 0x00007ffd90d50000 	C:\WINDOWS\System32\IMM32.DLL
0x00007ffd66a60000 - 0x00007ffd66afd000 	C:\Program Files\Android\Android Studio\jre\bin\msvcp140.dll
0x00007ffd20f80000 - 0x00007ffd21a4f000 	C:\Program Files\Android\Android Studio\jre\bin\server\jvm.dll
0x00007ffd90850000 - 0x00007ffd908fc000 	C:\WINDOWS\System32\ADVAPI32.dll
0x00007ffd907b0000 - 0x00007ffd9084b000 	C:\WINDOWS\System32\sechost.dll
0x00007ffd8f270000 - 0x00007ffd8f39a000 	C:\WINDOWS\System32\RPCRT4.dll
0x00007ffd91140000 - 0x00007ffd91148000 	C:\WINDOWS\System32\PSAPI.DLL
0x00007ffd84c60000 - 0x00007ffd84c87000 	C:\WINDOWS\SYSTEM32\WINMM.dll
0x00007ffd8a140000 - 0x00007ffd8a149000 	C:\WINDOWS\SYSTEM32\WSOCK32.dll
0x00007ffd87ab0000 - 0x00007ffd87aba000 	C:\WINDOWS\SYSTEM32\VERSION.dll
0x00007ffd90900000 - 0x00007ffd9096b000 	C:\WINDOWS\System32\WS2_32.dll
0x00007ffd8d0f0000 - 0x00007ffd8d102000 	C:\WINDOWS\SYSTEM32\kernel.appcore.dll
0x00007ffd86320000 - 0x00007ffd86331000 	C:\Program Files\Android\Android Studio\jre\bin\verify.dll
0x00007ffd7ae40000 - 0x00007ffd7b024000 	C:\WINDOWS\SYSTEM32\DBGHELP.DLL
0x00007ffd7ab70000 - 0x00007ffd7ab9c000 	C:\WINDOWS\SYSTEM32\dbgcore.DLL
0x00007ffd8ebb0000 - 0x00007ffd8ec33000 	C:\WINDOWS\System32\bcryptPrimitives.dll
0x00007ffd75a50000 - 0x00007ffd75a79000 	C:\Program Files\Android\Android Studio\jre\bin\java.dll
0x00007ffd88f40000 - 0x00007ffd88f4b000 	C:\Program Files\Android\Android Studio\jre\bin\jimage.dll
0x00007ffd73100000 - 0x00007ffd73118000 	C:\Program Files\Android\Android Studio\jre\bin\zip.dll

dbghelp: loaded successfully - version: 4.0.5 - missing functions: none
symbol engine: initialized successfully - sym options: 0x614 - pdb path: .;C:\Program Files\Android\Android Studio\jre\bin;C:\WINDOWS\SYSTEM32;C:\WINDOWS\WinSxS\amd64_microsoft.windows.common-controls_6595b64144ccf1df_6.0.19041.1110_none_60b5254171f9507e;C:\Program Files\Android\Android Studio\jre\bin\server

VM Arguments:
java_command: org.jetbrains.kotlin.cli.jvm.K2JVMCompiler @D:\Android-Kotlin\AEye\app\build\20211027_9119194203623277761.compiler.options
java_class_path (initial): C:\Users\Muddasar\.gradle\caches\modules-2\files-2.1\org.jetbrains.kotlin\kotlin-compiler-embeddable\1.5.30\3362a354066df1578a057c200da23cf2a1d8144f\kotlin-compiler-embeddable-1.5.30.jar;C:\Users\Muddasar\.gradle\caches\modules-2\files-2.1\org.jetbrains.kotlin\kotlin-reflect\1.5.30\6773e974437dd6432aa646cc2f8ab71de42b5773\kotlin-reflect-1.5.30.jar;C:\Users\Muddasar\.gradle\caches\modules-2\files-2.1\org.jetbrains.kotlin\kotlin-stdlib\1.5.30\d68efdea04955974ac1020f8f66ef8176bfbce1f\kotlin-stdlib-1.5.30.jar;C:\Users\Muddasar\.gradle\caches\modules-2\files-2.1\org.jetbrains.kotlin\kotlin-script-runtime\1.5.30\10697ab20bfd2f1b23baa91306950c36c4e89a8d\kotlin-script-runtime-1.5.30.jar;C:\Users\Muddasar\.gradle\caches\modules-2\files-2.1\org.jetbrains.kotlin\kotlin-daemon-embeddable\1.5.30\e355dc9011e559a475608265607948109e113ae0\kotlin-daemon-embeddable-1.5.30.jar;C:\Users\Muddasar\.gradle\caches\modules-2\files-2.1\org.jetbrains.intellij.deps\trove4j\1.0.20181211\216c2e14b070f334479d800987affe4054cd563f\trove4j-1.0.20181211.jar;C:\Users\Muddasar\.gradle\caches\modules-2\files-2.1\org.jetbrains\annotations\13.0\919f0dfe192fb4e063e7dacadee7f8bb9a2672a9\annotations-13.0.jar;C:\Users\Muddasar\.gradle\caches\modules-2\files-2.1\org.jetbrains.kotlin\kotlin-stdlib-common\1.5.30\649ffab7767038323fec0cc41e2d7b0a8f65a378\kotlin-stdlib-common-1.5.30.jar
Launcher Type: SUN_STANDARD

[Global flags]
     intx CICompilerCount                          = 4                                         {product} {ergonomic}
     uint ConcGCThreads                            = 2                                         {product} {ergonomic}
     uint G1ConcRefinementThreads                  = 8                                         {product} {ergonomic}
   size_t G1HeapRegionSize                         = 1048576                                   {product} {ergonomic}
    uintx GCDrainStackTargetSize                   = 64                                        {product} {ergonomic}
   size_t InitialHeapSize                          = 262144000                                 {product} {ergonomic}
   size_t MarkStackSize                            = 4194304                                   {product} {ergonomic}
   size_t MaxHeapSize                              = 4194304000                                {product} {ergonomic}
   size_t MinHeapDeltaBytes                        = 1048576                                   {product} {ergonomic}
    uintx NonNMethodCodeHeapSize                   = 5836300                                {pd product} {ergonomic}
    uintx NonProfiledCodeHeapSize                  = 122910970                              {pd product} {ergonomic}
    uintx ProfiledCodeHeapSize                     = 122910970                              {pd product} {ergonomic}
    uintx ReservedCodeCacheSize                    = 251658240                              {pd product} {ergonomic}
     bool SegmentedCodeCache                       = true                                      {product} {ergonomic}
     bool UseCompressedClassPointers               = true                                 {lp64_product} {ergonomic}
     bool UseCompressedOops                        = true                                 {lp64_product} {ergonomic}
     bool UseG1GC                                  = true                                      {product} {ergonomic}
     bool UseLargePagesIndividualAllocation        = false                                  {pd product} {ergonomic}

Logging:
Log output configuration:
 #0: stdout all=warning uptime,level,tags
 #1: stderr all=off uptime,level,tags

Environment Variables:
PATH=C:\Python3.7\Scripts\;C:\Python3.7\;C:\Program Files\AdoptOpenJDK\jdk-11.0.10.9-hotspot\bin;C:\WINDOWS\system32;C:\WINDOWS;C:\WINDOWS\System32\Wbem;C:\WINDOWS\System32\WindowsPowerShell\v1.0\;C:\WINDOWS\System32\OpenSSH\;C:\Program Files\dotnet\;C:\Program Files\Microsoft SQL Server\130\Tools\Binn\;C:\Program Files (x86)\dotnet\;C:\Program Files\Git\cmd;C:\Program Files\nodejs\;C:\ELK-Stack\Version-7.14.1\logstash-7.14.1\bin;C:\ELK-Stack\Version-7.14.1\kibana-7.14.2-windows-x86_64\bin;C:\ELK-Stack\Version-7.14.1\elasticsearch-7.14.2\bin;;C:\Program Files\Docker\Docker\resources\bin;C:\ProgramData\DockerDesktop\version-bin;C:\Program Files\MariaDB\MariaDB Connector C 64-bit\lib\;C:\Program Files\MariaDB\MariaDB Connector C 64-bit\lib\plugin\;C:\Users\Muddasar\AppData\Local\Programs\Python\Python36-32\Scripts\;C:\Users\Muddasar\AppData\Local\Programs\Python\Python36-32\;C:\Program Files\MySQL\MySQL Shell 8.0\bin\;C:\Users\Muddasar\AppData\Local\Microsoft\WindowsApps;C:\Users\Muddasar\AppData\Local\Programs\Microsoft VS Code\bin;C:\Program Files\JetBrains\IntelliJ IDEA Community Edition 2020.3.2\bin;;C:\Users\Muddasar\.dotnet\tools;C:\Users\Muddasar\AppData\Roaming\npm;
USERNAME=Muddasar
OS=Windows_NT
PROCESSOR_IDENTIFIER=Intel64 Family 6 Model 60 Stepping 3, GenuineIntel



---------------  S Y S T E M  ---------------

OS: Windows 10 , 64 bit Build 19041 (10.0.19041.1202)
OS uptime: 3 days 0:58 hours
Hyper-V role detected

CPU:total 8 (initial active 8) (4 cores per cpu, 2 threads per core) family 6 model 60 stepping 3 microcode 0x27, cmov, cx8, fxsr, mmx, sse, sse2, sse3, ssse3, sse4.1, sse4.2, popcnt, avx, avx2, aes, clmul, erms, lzcnt, ht, tsc, tscinvbit, bmi1, bmi2, fma

Memory: 4k page, system-wide physical 15993M (1765M free)
TotalPageFile size 15993M (AvailPageFile size 5M)
current process WorkingSet (physical memory assigned to process): 10M, peak: 10M
current process commit charge ("private bytes"): 313M, peak: 313M

vm_info: OpenJDK 64-Bit Server VM (11.0.10+0-b96-7249189) for windows-amd64 JRE (11.0.10+0-b96-7249189), built on Mar 31 2021 21:44:00 by "builder" with MS VC++ 14.0 (VS2015)

END.
