#
# There is insufficient memory for the Java Runtime Environment to continue.
# Native memory allocation (malloc) failed to allocate 419376 bytes for Chunk::new
# Possible reasons:
#   The system is out of physical RAM or swap space
#   The process is running with CompressedOops enabled, and the Java Heap may be blocking the growth of the native heap
# Possible solutions:
#   Reduce memory load on the system
#   Increase physical memory or swap space
#   Check if swap backing store is full
#   Decrease Java heap size (-Xmx/-Xms)
#   Decrease number of Java threads
#   Decrease Java thread stack sizes (-Xss)
#   Set larger code cache with -XX:ReservedCodeCacheSize=
#   JVM is running with Unscaled Compressed Oops mode in which the Java heap is
#     placed in the first 4GB address space. The Java Heap base address is the
#     maximum limit for the native heap growth. Please use -XX:HeapBaseMinAddress
#     to set the Java Heap base and to place the Java Heap above 4GB virtual address.
# This output file may be truncated or incomplete.
#
#  Out of Memory Error (./src/hotspot/share/memory/arena.cpp:197), pid=272, tid=10940
#
# JRE version: OpenJDK Runtime Environment (11.0.10) (build 11.0.10+0-b96-7249189)
# Java VM: OpenJDK 64-Bit Server VM (11.0.10+0-b96-7249189, mixed mode, tiered, compressed oops, g1 gc, windows-amd64)
# No core dump will be written. Minidumps are not enabled by default on client versions of Windows
#

---------------  S U M M A R Y ------------

Command Line: --add-opens=java.base/java.util=ALL-UNNAMED --add-opens=java.base/java.lang=ALL-UNNAMED --add-opens=java.base/java.lang.invoke=ALL-UNNAMED --add-opens=java.base/java.util=ALL-UNNAMED --add-opens=java.prefs/java.util.prefs=ALL-UNNAMED --add-opens=java.prefs/java.util.prefs=ALL-UNNAMED --add-opens=java.base/java.nio.charset=ALL-UNNAMED --add-opens=java.base/java.net=ALL-UNNAMED --add-opens=java.base/java.util.concurrent.atomic=ALL-UNNAMED -Xmx2048m -Dfile.encoding=UTF-8 -Duser.country=US -Duser.language=en -Duser.variant org.gradle.launcher.daemon.bootstrap.GradleDaemon 7.0.2

Host: Intel(R) Core(TM) i7-4800MQ CPU @ 2.70GHz, 8 cores, 15G,  Windows 10 , 64 bit Build 19041 (10.0.19041.1202)
Time: Wed Oct 27 16:19:31 2021 Pakistan Standard Time elapsed time: 11.071885 seconds (0d 0h 0m 11s)

---------------  T H R E A D  ---------------

Current thread (0x0000028bb6a05000):  JavaThread "C2 CompilerThread1" daemon [_thread_in_native, id=10940, stack(0x000000fa55000000,0x000000fa55100000)]


Current CompileTask:
C2:  11071 5080       4       sun.nio.fs.WindowsPathParser::normalize (233 bytes)

Stack: [0x000000fa55000000,0x000000fa55100000]
Native frames: (J=compiled Java code, j=interpreted, Vv=VM code, C=native code)
V  [jvm.dll+0x5ecfaa]
V  [jvm.dll+0x722bd5]
V  [jvm.dll+0x72412d]
V  [jvm.dll+0x7247e3]
V  [jvm.dll+0x242928]
V  [jvm.dll+0xbc4fc]
V  [jvm.dll+0xbca0c]
V  [jvm.dll+0x352d7d]
V  [jvm.dll+0x320ad3]
V  [jvm.dll+0x31ffca]
V  [jvm.dll+0x1fb602]
V  [jvm.dll+0x1fa7f4]
V  [jvm.dll+0x18354c]
V  [jvm.dll+0x208ee7]
V  [jvm.dll+0x207731]
V  [jvm.dll+0x6eb1cf]
V  [jvm.dll+0x6e3d45]
V  [jvm.dll+0x5ebe96]
C  [ucrtbase.dll+0x21bb2]
C  [KERNEL32.DLL+0x17034]
C  [ntdll.dll+0x52651]


---------------  P R O C E S S  ---------------

Threads class SMR info:
_java_thread_list=0x0000028bb3c4f1c0, length=50, elements={
0x0000028b9596d800, 0x0000028bb063a800, 0x0000028bb063e000, 0x0000028bb069d000,
0x0000028bb069e000, 0x0000028bb06a0000, 0x0000028bb06ac800, 0x0000028bb06b3000,
0x0000028bb06bc800, 0x0000028bb082d800, 0x0000028bb2a02800, 0x0000028bb0978800,
0x0000028bb10d9800, 0x0000028bb2f6e000, 0x0000028bb2f72000, 0x0000028bb2f70800,
0x0000028bb2f73000, 0x0000028bb2f6f800, 0x0000028bb2f6d000, 0x0000028bb2f74000,
0x0000028bb2f71800, 0x0000028bb2f6f000, 0x0000028bb38bc000, 0x0000028bb38bf000,
0x0000028bb38bc800, 0x0000028bb38c0000, 0x0000028bb38ba000, 0x0000028bb38bb000,
0x0000028bb38c1800, 0x0000028bb38c3000, 0x0000028bb38c2800, 0x0000028bb38bd800,
0x0000028bb38c4000, 0x0000028bb38c6800, 0x0000028bb38c0800, 0x0000028bb38c5800,
0x0000028bb38c7000, 0x0000028bb38c9000, 0x0000028bb38c8000, 0x0000028bb6bae800,
0x0000028bb6baf000, 0x0000028bb6bab000, 0x0000028bb6bad800, 0x0000028bb6bb0000,
0x0000028bb6bac000, 0x0000028bb6baa800, 0x0000028bb6bb1000, 0x0000028bb6bb1800,
0x0000028bb6bb2800, 0x0000028bb6a05000
}

Java Threads: ( => current thread )
  0x0000028b9596d800 JavaThread "main" [_thread_blocked, id=19716, stack(0x000000fa51000000,0x000000fa51100000)]
  0x0000028bb063a800 JavaThread "Reference Handler" daemon [_thread_blocked, id=18704, stack(0x000000fa51700000,0x000000fa51800000)]
  0x0000028bb063e000 JavaThread "Finalizer" daemon [_thread_blocked, id=19080, stack(0x000000fa51800000,0x000000fa51900000)]
  0x0000028bb069d000 JavaThread "Signal Dispatcher" daemon [_thread_blocked, id=7396, stack(0x000000fa51900000,0x000000fa51a00000)]
  0x0000028bb069e000 JavaThread "Attach Listener" daemon [_thread_blocked, id=2844, stack(0x000000fa51a00000,0x000000fa51b00000)]
  0x0000028bb06a0000 JavaThread "Service Thread" daemon [_thread_blocked, id=13808, stack(0x000000fa51b00000,0x000000fa51c00000)]
  0x0000028bb06ac800 JavaThread "C2 CompilerThread0" daemon [_thread_in_native, id=5696, stack(0x000000fa51c00000,0x000000fa51d00000)]
  0x0000028bb06b3000 JavaThread "C1 CompilerThread0" daemon [_thread_blocked, id=14468, stack(0x000000fa51d00000,0x000000fa51e00000)]
  0x0000028bb06bc800 JavaThread "Sweeper thread" daemon [_thread_blocked, id=12336, stack(0x000000fa51e00000,0x000000fa51f00000)]
  0x0000028bb082d800 JavaThread "Common-Cleaner" daemon [_thread_blocked, id=16620, stack(0x000000fa51f00000,0x000000fa52000000)]
  0x0000028bb2a02800 JavaThread "Daemon health stats" [_thread_blocked, id=3124, stack(0x000000fa52800000,0x000000fa52900000)]
  0x0000028bb0978800 JavaThread "Incoming local TCP Connector on port 58803" [_thread_in_native, id=7996, stack(0x000000fa52100000,0x000000fa52200000)]
  0x0000028bb10d9800 JavaThread "Daemon periodic checks" [_thread_blocked, id=7376, stack(0x000000fa52200000,0x000000fa52300000)]
  0x0000028bb2f6e000 JavaThread "Daemon" [_thread_blocked, id=10328, stack(0x000000fa52900000,0x000000fa52a00000)]
  0x0000028bb2f72000 JavaThread "Handler for socket connection from /127.0.0.1:58803 to /127.0.0.1:58804" [_thread_in_native, id=9584, stack(0x000000fa52a00000,0x000000fa52b00000)]
  0x0000028bb2f70800 JavaThread "Cancel handler" [_thread_blocked, id=9864, stack(0x000000fa52c00000,0x000000fa52d00000)]
  0x0000028bb2f73000 JavaThread "Daemon worker" [_thread_in_native, id=21044, stack(0x000000fa52d00000,0x000000fa52e00000)]
  0x0000028bb2f6f800 JavaThread "Asynchronous log dispatcher for DefaultDaemonConnection: socket connection from /127.0.0.1:58803 to /127.0.0.1:58804" [_thread_blocked, id=19536, stack(0x000000fa52e00000,0x000000fa52f00000)]
  0x0000028bb2f6d000 JavaThread "Stdin handler" [_thread_blocked, id=15336, stack(0x000000fa52f00000,0x000000fa53000000)]
  0x0000028bb2f74000 JavaThread "Daemon client event forwarder" [_thread_blocked, id=10984, stack(0x000000fa53000000,0x000000fa53100000)]
  0x0000028bb2f71800 JavaThread "Cache worker for file hash cache (C:\Users\Muddasar\.gradle\caches\7.0.2\fileHashes)" [_thread_blocked, id=11056, stack(0x000000fa52b00000,0x000000fa52c00000)]
  0x0000028bb2f6f000 JavaThread "File lock request listener" [_thread_in_native, id=15724, stack(0x000000fa53100000,0x000000fa53200000)]
  0x0000028bb38bc000 JavaThread "Cache worker for journal cache (C:\Users\Muddasar\.gradle\caches\journal-1)" [_thread_blocked, id=15840, stack(0x000000fa53500000,0x000000fa53600000)]
  0x0000028bb38bf000 JavaThread "Cache worker for file hash cache (D:\Android-Kotlin\AEye\.gradle\7.0.2\fileHashes)" [_thread_blocked, id=18928, stack(0x000000fa53700000,0x000000fa53800000)]
  0x0000028bb38bc800 JavaThread "File watcher server" daemon [_thread_in_native, id=800, stack(0x000000fa53800000,0x000000fa53900000)]
  0x0000028bb38c0000 JavaThread "File watcher consumer" daemon [_thread_blocked, id=2164, stack(0x000000fa53900000,0x000000fa53a00000)]
  0x0000028bb38ba000 JavaThread "Cache worker for checksums cache (D:\Android-Kotlin\AEye\.gradle\checksums)" [_thread_blocked, id=16664, stack(0x000000fa53a00000,0x000000fa53b00000)]
  0x0000028bb38bb000 JavaThread "Cache worker for cache directory md-supplier (C:\Users\Muddasar\.gradle\caches\7.0.2\md-supplier)" [_thread_blocked, id=20328, stack(0x000000fa53b00000,0x000000fa53c00000)]
  0x0000028bb38c1800 JavaThread "Cache worker for cache directory md-rule (C:\Users\Muddasar\.gradle\caches\7.0.2\md-rule)" [_thread_blocked, id=17716, stack(0x000000fa53c00000,0x000000fa53d00000)]
  0x0000028bb38c3000 JavaThread "Cache worker for execution history cache (C:\Users\Muddasar\.gradle\caches\7.0.2\executionHistory)" [_thread_blocked, id=10128, stack(0x000000fa53d00000,0x000000fa53e00000)]
  0x0000028bb38c2800 JavaThread "jar transforms" [_thread_blocked, id=9252, stack(0x000000fa53f00000,0x000000fa54000000)]
  0x0000028bb38bd800 JavaThread "jar transforms Thread 2" [_thread_blocked, id=928, stack(0x000000fa54000000,0x000000fa54100000)]
  0x0000028bb38c4000 JavaThread "Cache worker for file content cache (C:\Users\Muddasar\.gradle\caches\7.0.2\fileContent)" [_thread_blocked, id=4880, stack(0x000000fa54100000,0x000000fa54200000)]
  0x0000028bb38c6800 JavaThread "Cache worker for dependencies-accessors (D:\Android-Kotlin\AEye\.gradle\7.0.2\dependencies-accessors)" [_thread_blocked, id=18668, stack(0x000000fa54200000,0x000000fa54300000)]
  0x0000028bb38c0800 JavaThread "jar transforms Thread 3" [_thread_blocked, id=8908, stack(0x000000fa54300000,0x000000fa54400000)]
  0x0000028bb38c5800 JavaThread "Cache worker for Build Output Cleanup Cache (D:\Android-Kotlin\AEye\.gradle\buildOutputCleanup)" [_thread_blocked, id=2236, stack(0x000000fa54400000,0x000000fa54500000)]
  0x0000028bb38c7000 JavaThread "Build operations" [_thread_blocked, id=18864, stack(0x000000fa54500000,0x000000fa54600000)]
  0x0000028bb38c9000 JavaThread "Build operations Thread 2" [_thread_blocked, id=6888, stack(0x000000fa54600000,0x000000fa54700000)]
  0x0000028bb38c8000 JavaThread "Build operations Thread 3" [_thread_blocked, id=16812, stack(0x000000fa54700000,0x000000fa54800000)]
  0x0000028bb6bae800 JavaThread "Build operations Thread 4" [_thread_blocked, id=5140, stack(0x000000fa54800000,0x000000fa54900000)]
  0x0000028bb6baf000 JavaThread "Build operations Thread 5" [_thread_blocked, id=5216, stack(0x000000fa54900000,0x000000fa54a00000)]
  0x0000028bb6bab000 JavaThread "Build operations Thread 6" [_thread_blocked, id=18912, stack(0x000000fa54a00000,0x000000fa54b00000)]
  0x0000028bb6bad800 JavaThread "Build operations Thread 7" [_thread_blocked, id=11040, stack(0x000000fa54b00000,0x000000fa54c00000)]
  0x0000028bb6bb0000 JavaThread "Build operations Thread 8" [_thread_blocked, id=16224, stack(0x000000fa54c00000,0x000000fa54d00000)]
  0x0000028bb6bac000 JavaThread "jar transforms Thread 4" [_thread_blocked, id=19200, stack(0x000000fa53600000,0x000000fa53700000)]
  0x0000028bb6baa800 JavaThread "jar transforms Thread 5" [_thread_blocked, id=5288, stack(0x000000fa53e00000,0x000000fa53f00000)]
  0x0000028bb6bb1000 JavaThread "jar transforms Thread 6" [_thread_blocked, id=7012, stack(0x000000fa54d00000,0x000000fa54e00000)]
  0x0000028bb6bb1800 JavaThread "jar transforms Thread 7" [_thread_blocked, id=11148, stack(0x000000fa54e00000,0x000000fa54f00000)]
  0x0000028bb6bb2800 JavaThread "jar transforms Thread 8" [_thread_blocked, id=16724, stack(0x000000fa54f00000,0x000000fa55000000)]
=>0x0000028bb6a05000 JavaThread "C2 CompilerThread1" daemon [_thread_in_native, id=10940, stack(0x000000fa55000000,0x000000fa55100000)]

Other Threads:
  0x0000028bb0638800 VMThread "VM Thread" [stack: 0x000000fa51600000,0x000000fa51700000] [id=18976]
  0x0000028bb0838800 WatcherThread [stack: 0x000000fa52000000,0x000000fa52100000] [id=16292]
  0x0000028b95985000 GCTaskThread "GC Thread#0" [stack: 0x000000fa51100000,0x000000fa51200000] [id=19772]
  0x0000028bb151b800 GCTaskThread "GC Thread#1" [stack: 0x000000fa52300000,0x000000fa52400000] [id=2820]
  0x0000028bb16ea800 GCTaskThread "GC Thread#2" [stack: 0x000000fa52400000,0x000000fa52500000] [id=616]
  0x0000028bb140d800 GCTaskThread "GC Thread#3" [stack: 0x000000fa52500000,0x000000fa52600000] [id=18256]
  0x0000028bb1720800 GCTaskThread "GC Thread#4" [stack: 0x000000fa52600000,0x000000fa52700000] [id=3188]
  0x0000028bb165b800 GCTaskThread "GC Thread#5" [stack: 0x000000fa52700000,0x000000fa52800000] [id=10752]
  0x0000028bb3353800 GCTaskThread "GC Thread#6" [stack: 0x000000fa53200000,0x000000fa53300000] [id=19328]
  0x0000028bb33a8000 GCTaskThread "GC Thread#7" [stack: 0x000000fa53300000,0x000000fa53400000] [id=8120]
  0x0000028b959b8000 ConcurrentGCThread "G1 Main Marker" [stack: 0x000000fa51200000,0x000000fa51300000] [id=14284]
  0x0000028b959bb000 ConcurrentGCThread "G1 Conc#0" [stack: 0x000000fa51300000,0x000000fa51400000] [id=21088]
  0x0000028bb2b16800 ConcurrentGCThread "G1 Conc#1" [stack: 0x000000fa53400000,0x000000fa53500000] [id=16660]
  0x0000028b95a4e800 ConcurrentGCThread "G1 Refine#0" [stack: 0x000000fa51400000,0x000000fa51500000] [id=17152]
  0x0000028bafc88800 ConcurrentGCThread "G1 Young RemSet Sampling" [stack: 0x000000fa51500000,0x000000fa51600000] [id=15884]

Threads with active compile tasks:
C2 CompilerThread0  11099 5147       4       org.gradle.internal.snapshot.VfsRelativePath::hasPrefix (114 bytes)
C1 CompilerThread0  11099 5167       1       org.gradle.internal.fingerprint.impl.DefaultFileCollectionSnapshotter::access$100 (5 bytes)
C2 CompilerThread1  11099 5080       4       sun.nio.fs.WindowsPathParser::normalize (233 bytes)

VM state:not at safepoint (normal execution)

VM Mutex/Monitor currently owned by a thread: None

Heap address: 0x0000000080000000, size: 2048 MB, Compressed Oops mode: 32-bit
Narrow klass base: 0x0000000000000000, Narrow klass shift: 3
Compressed class space size: 1073741824 Address: 0x0000000100000000

Heap:
 garbage-first heap   total 256000K, used 72158K [0x0000000080000000, 0x0000000100000000)
  region size 1024K, 56 young (57344K), 13 survivors (13312K)
 Metaspace       used 47004K, capacity 48199K, committed 48460K, reserved 1091584K
  class space    used 5996K, capacity 6435K, committed 6476K, reserved 1048576K
Heap Regions: E=young(eden), S=young(survivor), O=old, HS=humongous(starts), HC=humongous(continues), CS=collection set, F=free, A=archive, TAMS=top-at-mark-start (previous, next)
|   0|0x0000000080000000, 0x0000000080100000, 0x0000000080100000|100%| O|  |TAMS 0x0000000080100000, 0x0000000080000000| Untracked 
|   1|0x0000000080100000, 0x0000000080200000, 0x0000000080200000|100%| O|  |TAMS 0x0000000080200000, 0x0000000080100000| Untracked 
|   2|0x0000000080200000, 0x0000000080300000, 0x0000000080300000|100%| O|  |TAMS 0x0000000080300000, 0x0000000080200000| Untracked 
|   3|0x0000000080300000, 0x0000000080400000, 0x0000000080400000|100%|HS|  |TAMS 0x0000000080400000, 0x0000000080300000| Complete 
|   4|0x0000000080400000, 0x0000000080500000, 0x0000000080500000|100%|HC|  |TAMS 0x0000000080500000, 0x0000000080400000| Complete 
|   5|0x0000000080500000, 0x0000000080600000, 0x0000000080600000|100%|HC|  |TAMS 0x0000000080600000, 0x0000000080500000| Complete 
|   6|0x0000000080600000, 0x0000000080700000, 0x0000000080700000|100%| O|  |TAMS 0x0000000080700000, 0x0000000080600000| Untracked 
|   7|0x0000000080700000, 0x0000000080800000, 0x0000000080800000|100%| O|  |TAMS 0x0000000080800000, 0x0000000080700000| Untracked 
|   8|0x0000000080800000, 0x0000000080900000, 0x0000000080900000|100%| O|  |TAMS 0x0000000080900000, 0x0000000080800000| Untracked 
|   9|0x0000000080900000, 0x0000000080a00000, 0x0000000080a00000|100%| O|  |TAMS 0x0000000080a00000, 0x0000000080900000| Untracked 
|  10|0x0000000080a00000, 0x0000000080b00000, 0x0000000080b00000|100%| O|  |TAMS 0x0000000080b00000, 0x0000000080a00000| Untracked 
|  11|0x0000000080b00000, 0x0000000080c00000, 0x0000000080c00000|100%| O|  |TAMS 0x0000000080c00000, 0x0000000080b00000| Untracked 
|  12|0x0000000080c00000, 0x0000000080d00000, 0x0000000080d00000|100%| O|  |TAMS 0x0000000080d00000, 0x0000000080c00000| Untracked 
|  13|0x0000000080d00000, 0x0000000080e00000, 0x0000000080e00000|100%| O|  |TAMS 0x0000000080e00000, 0x0000000080d00000| Untracked 
|  14|0x0000000080e00000, 0x0000000080f00000, 0x0000000080f00000|100%| O|  |TAMS 0x0000000080f00000, 0x0000000080e00000| Untracked 
|  15|0x0000000080f00000, 0x0000000081000000, 0x0000000081000000|100%| O|  |TAMS 0x0000000081000000, 0x0000000080f00000| Untracked 
|  16|0x0000000081000000, 0x0000000081002c00, 0x0000000081100000|  1%| O|  |TAMS 0x0000000081002c00, 0x0000000081000000| Untracked 
|  17|0x0000000081100000, 0x0000000081100000, 0x0000000081200000|  0%| F|  |TAMS 0x0000000081100000, 0x0000000081100000| Untracked 
|  18|0x0000000081200000, 0x0000000081200000, 0x0000000081300000|  0%| F|  |TAMS 0x0000000081200000, 0x0000000081200000| Untracked 
|  19|0x0000000081300000, 0x0000000081300000, 0x0000000081400000|  0%| F|  |TAMS 0x0000000081300000, 0x0000000081300000| Untracked 
|  20|0x0000000081400000, 0x0000000081400000, 0x0000000081500000|  0%| F|  |TAMS 0x0000000081400000, 0x0000000081400000| Untracked 
|  21|0x0000000081500000, 0x0000000081500000, 0x0000000081600000|  0%| F|  |TAMS 0x0000000081500000, 0x0000000081500000| Untracked 
|  22|0x0000000081600000, 0x0000000081600000, 0x0000000081700000|  0%| F|  |TAMS 0x0000000081600000, 0x0000000081600000| Untracked 
|  23|0x0000000081700000, 0x0000000081700000, 0x0000000081800000|  0%| F|  |TAMS 0x0000000081700000, 0x0000000081700000| Untracked 
|  24|0x0000000081800000, 0x0000000081800000, 0x0000000081900000|  0%| F|  |TAMS 0x0000000081800000, 0x0000000081800000| Untracked 
|  25|0x0000000081900000, 0x0000000081900000, 0x0000000081a00000|  0%| F|  |TAMS 0x0000000081900000, 0x0000000081900000| Untracked 
|  26|0x0000000081a00000, 0x0000000081a00000, 0x0000000081b00000|  0%| F|  |TAMS 0x0000000081a00000, 0x0000000081a00000| Untracked 
|  27|0x0000000081b00000, 0x0000000081b00000, 0x0000000081c00000|  0%| F|  |TAMS 0x0000000081b00000, 0x0000000081b00000| Untracked 
|  28|0x0000000081c00000, 0x0000000081c00000, 0x0000000081d00000|  0%| F|  |TAMS 0x0000000081c00000, 0x0000000081c00000| Untracked 
|  29|0x0000000081d00000, 0x0000000081d00000, 0x0000000081e00000|  0%| F|  |TAMS 0x0000000081d00000, 0x0000000081d00000| Untracked 
|  30|0x0000000081e00000, 0x0000000081e00000, 0x0000000081f00000|  0%| F|  |TAMS 0x0000000081e00000, 0x0000000081e00000| Untracked 
|  31|0x0000000081f00000, 0x0000000081f00000, 0x0000000082000000|  0%| F|  |TAMS 0x0000000081f00000, 0x0000000081f00000| Untracked 
|  32|0x0000000082000000, 0x0000000082000000, 0x0000000082100000|  0%| F|  |TAMS 0x0000000082000000, 0x0000000082000000| Untracked 
|  33|0x0000000082100000, 0x0000000082100000, 0x0000000082200000|  0%| F|  |TAMS 0x0000000082100000, 0x0000000082100000| Untracked 
|  34|0x0000000082200000, 0x0000000082200000, 0x0000000082300000|  0%| F|  |TAMS 0x0000000082200000, 0x0000000082200000| Untracked 
|  35|0x0000000082300000, 0x0000000082300000, 0x0000000082400000|  0%| F|  |TAMS 0x0000000082300000, 0x0000000082300000| Untracked 
|  36|0x0000000082400000, 0x0000000082400000, 0x0000000082500000|  0%| F|  |TAMS 0x0000000082400000, 0x0000000082400000| Untracked 
|  37|0x0000000082500000, 0x0000000082500000, 0x0000000082600000|  0%| F|  |TAMS 0x0000000082500000, 0x0000000082500000| Untracked 
|  38|0x0000000082600000, 0x0000000082600000, 0x0000000082700000|  0%| F|  |TAMS 0x0000000082600000, 0x0000000082600000| Untracked 
|  39|0x0000000082700000, 0x0000000082700000, 0x0000000082800000|  0%| F|  |TAMS 0x0000000082700000, 0x0000000082700000| Untracked 
|  40|0x0000000082800000, 0x0000000082800000, 0x0000000082900000|  0%| F|  |TAMS 0x0000000082800000, 0x0000000082800000| Untracked 
|  41|0x0000000082900000, 0x0000000082900000, 0x0000000082a00000|  0%| F|  |TAMS 0x0000000082900000, 0x0000000082900000| Untracked 
|  42|0x0000000082a00000, 0x0000000082a00000, 0x0000000082b00000|  0%| F|  |TAMS 0x0000000082a00000, 0x0000000082a00000| Untracked 
|  43|0x0000000082b00000, 0x0000000082b00000, 0x0000000082c00000|  0%| F|  |TAMS 0x0000000082b00000, 0x0000000082b00000| Untracked 
|  44|0x0000000082c00000, 0x0000000082c00000, 0x0000000082d00000|  0%| F|  |TAMS 0x0000000082c00000, 0x0000000082c00000| Untracked 
|  45|0x0000000082d00000, 0x0000000082d00000, 0x0000000082e00000|  0%| F|  |TAMS 0x0000000082d00000, 0x0000000082d00000| Untracked 
|  46|0x0000000082e00000, 0x0000000082e00000, 0x0000000082f00000|  0%| F|  |TAMS 0x0000000082e00000, 0x0000000082e00000| Untracked 
|  47|0x0000000082f00000, 0x0000000082f00000, 0x0000000083000000|  0%| F|  |TAMS 0x0000000082f00000, 0x0000000082f00000| Untracked 
|  48|0x0000000083000000, 0x0000000083000000, 0x0000000083100000|  0%| F|  |TAMS 0x0000000083000000, 0x0000000083000000| Untracked 
|  49|0x0000000083100000, 0x0000000083100000, 0x0000000083200000|  0%| F|  |TAMS 0x0000000083100000, 0x0000000083100000| Untracked 
|  50|0x0000000083200000, 0x0000000083200000, 0x0000000083300000|  0%| F|  |TAMS 0x0000000083200000, 0x0000000083200000| Untracked 
|  51|0x0000000083300000, 0x0000000083300000, 0x0000000083400000|  0%| F|  |TAMS 0x0000000083300000, 0x0000000083300000| Untracked 
|  52|0x0000000083400000, 0x0000000083400000, 0x0000000083500000|  0%| F|  |TAMS 0x0000000083400000, 0x0000000083400000| Untracked 
|  53|0x0000000083500000, 0x0000000083500000, 0x0000000083600000|  0%| F|  |TAMS 0x0000000083500000, 0x0000000083500000| Untracked 
|  54|0x0000000083600000, 0x0000000083600000, 0x0000000083700000|  0%| F|  |TAMS 0x0000000083600000, 0x0000000083600000| Untracked 
|  55|0x0000000083700000, 0x0000000083700000, 0x0000000083800000|  0%| F|  |TAMS 0x0000000083700000, 0x0000000083700000| Untracked 
|  56|0x0000000083800000, 0x0000000083800000, 0x0000000083900000|  0%| F|  |TAMS 0x0000000083800000, 0x0000000083800000| Untracked 
|  57|0x0000000083900000, 0x0000000083900000, 0x0000000083a00000|  0%| F|  |TAMS 0x0000000083900000, 0x0000000083900000| Untracked 
|  58|0x0000000083a00000, 0x0000000083a00000, 0x0000000083b00000|  0%| F|  |TAMS 0x0000000083a00000, 0x0000000083a00000| Untracked 
|  59|0x0000000083b00000, 0x0000000083b00000, 0x0000000083c00000|  0%| F|  |TAMS 0x0000000083b00000, 0x0000000083b00000| Untracked 
|  60|0x0000000083c00000, 0x0000000083c00000, 0x0000000083d00000|  0%| F|  |TAMS 0x0000000083c00000, 0x0000000083c00000| Untracked 
|  61|0x0000000083d00000, 0x0000000083d00000, 0x0000000083e00000|  0%| F|  |TAMS 0x0000000083d00000, 0x0000000083d00000| Untracked 
|  62|0x0000000083e00000, 0x0000000083e00000, 0x0000000083f00000|  0%| F|  |TAMS 0x0000000083e00000, 0x0000000083e00000| Untracked 
|  63|0x0000000083f00000, 0x0000000083f00000, 0x0000000084000000|  0%| F|  |TAMS 0x0000000083f00000, 0x0000000083f00000| Untracked 
|  64|0x0000000084000000, 0x0000000084000000, 0x0000000084100000|  0%| F|  |TAMS 0x0000000084000000, 0x0000000084000000| Untracked 
|  65|0x0000000084100000, 0x0000000084100000, 0x0000000084200000|  0%| F|  |TAMS 0x0000000084100000, 0x0000000084100000| Untracked 
|  66|0x0000000084200000, 0x0000000084200000, 0x0000000084300000|  0%| F|  |TAMS 0x0000000084200000, 0x0000000084200000| Untracked 
|  67|0x0000000084300000, 0x0000000084300000, 0x0000000084400000|  0%| F|  |TAMS 0x0000000084300000, 0x0000000084300000| Untracked 
|  68|0x0000000084400000, 0x0000000084400000, 0x0000000084500000|  0%| F|  |TAMS 0x0000000084400000, 0x0000000084400000| Untracked 
|  69|0x0000000084500000, 0x0000000084500000, 0x0000000084600000|  0%| F|  |TAMS 0x0000000084500000, 0x0000000084500000| Untracked 
|  70|0x0000000084600000, 0x0000000084600000, 0x0000000084700000|  0%| F|  |TAMS 0x0000000084600000, 0x0000000084600000| Untracked 
|  71|0x0000000084700000, 0x0000000084700000, 0x0000000084800000|  0%| F|  |TAMS 0x0000000084700000, 0x0000000084700000| Untracked 
|  72|0x0000000084800000, 0x0000000084800000, 0x0000000084900000|  0%| F|  |TAMS 0x0000000084800000, 0x0000000084800000| Untracked 
|  73|0x0000000084900000, 0x0000000084900000, 0x0000000084a00000|  0%| F|  |TAMS 0x0000000084900000, 0x0000000084900000| Untracked 
|  74|0x0000000084a00000, 0x0000000084a00000, 0x0000000084b00000|  0%| F|  |TAMS 0x0000000084a00000, 0x0000000084a00000| Untracked 
|  75|0x0000000084b00000, 0x0000000084b00000, 0x0000000084c00000|  0%| F|  |TAMS 0x0000000084b00000, 0x0000000084b00000| Untracked 
|  76|0x0000000084c00000, 0x0000000084c00000, 0x0000000084d00000|  0%| F|  |TAMS 0x0000000084c00000, 0x0000000084c00000| Untracked 
|  77|0x0000000084d00000, 0x0000000084d00000, 0x0000000084e00000|  0%| F|  |TAMS 0x0000000084d00000, 0x0000000084d00000| Untracked 
|  78|0x0000000084e00000, 0x0000000084e00000, 0x0000000084f00000|  0%| F|  |TAMS 0x0000000084e00000, 0x0000000084e00000| Untracked 
|  79|0x0000000084f00000, 0x0000000084f00000, 0x0000000085000000|  0%| F|  |TAMS 0x0000000084f00000, 0x0000000084f00000| Untracked 
|  80|0x0000000085000000, 0x0000000085000000, 0x0000000085100000|  0%| F|  |TAMS 0x0000000085000000, 0x0000000085000000| Untracked 
|  81|0x0000000085100000, 0x0000000085100000, 0x0000000085200000|  0%| F|  |TAMS 0x0000000085100000, 0x0000000085100000| Untracked 
|  82|0x0000000085200000, 0x0000000085200000, 0x0000000085300000|  0%| F|  |TAMS 0x0000000085200000, 0x0000000085200000| Untracked 
|  83|0x0000000085300000, 0x0000000085300000, 0x0000000085400000|  0%| F|  |TAMS 0x0000000085300000, 0x0000000085300000| Untracked 
|  84|0x0000000085400000, 0x0000000085400000, 0x0000000085500000|  0%| F|  |TAMS 0x0000000085400000, 0x0000000085400000| Untracked 
|  85|0x0000000085500000, 0x0000000085500000, 0x0000000085600000|  0%| F|  |TAMS 0x0000000085500000, 0x0000000085500000| Untracked 
|  86|0x0000000085600000, 0x0000000085600000, 0x0000000085700000|  0%| F|  |TAMS 0x0000000085600000, 0x0000000085600000| Untracked 
|  87|0x0000000085700000, 0x0000000085700000, 0x0000000085800000|  0%| F|  |TAMS 0x0000000085700000, 0x0000000085700000| Untracked 
|  88|0x0000000085800000, 0x0000000085800000, 0x0000000085900000|  0%| F|  |TAMS 0x0000000085800000, 0x0000000085800000| Untracked 
|  89|0x0000000085900000, 0x0000000085900000, 0x0000000085a00000|  0%| F|  |TAMS 0x0000000085900000, 0x0000000085900000| Untracked 
|  90|0x0000000085a00000, 0x0000000085a00000, 0x0000000085b00000|  0%| F|  |TAMS 0x0000000085a00000, 0x0000000085a00000| Untracked 
|  91|0x0000000085b00000, 0x0000000085b00000, 0x0000000085c00000|  0%| F|  |TAMS 0x0000000085b00000, 0x0000000085b00000| Untracked 
|  92|0x0000000085c00000, 0x0000000085c00000, 0x0000000085d00000|  0%| F|  |TAMS 0x0000000085c00000, 0x0000000085c00000| Untracked 
|  93|0x0000000085d00000, 0x0000000085d00000, 0x0000000085e00000|  0%| F|  |TAMS 0x0000000085d00000, 0x0000000085d00000| Untracked 
|  94|0x0000000085e00000, 0x0000000085e00000, 0x0000000085f00000|  0%| F|  |TAMS 0x0000000085e00000, 0x0000000085e00000| Untracked 
|  95|0x0000000085f00000, 0x0000000085f00000, 0x0000000086000000|  0%| F|  |TAMS 0x0000000085f00000, 0x0000000085f00000| Untracked 
|  96|0x0000000086000000, 0x0000000086000000, 0x0000000086100000|  0%| F|  |TAMS 0x0000000086000000, 0x0000000086000000| Untracked 
|  97|0x0000000086100000, 0x0000000086100000, 0x0000000086200000|  0%| F|  |TAMS 0x0000000086100000, 0x0000000086100000| Untracked 
|  98|0x0000000086200000, 0x0000000086200000, 0x0000000086300000|  0%| F|  |TAMS 0x0000000086200000, 0x0000000086200000| Untracked 
|  99|0x0000000086300000, 0x0000000086300000, 0x0000000086400000|  0%| F|  |TAMS 0x0000000086300000, 0x0000000086300000| Untracked 
| 100|0x0000000086400000, 0x0000000086400000, 0x0000000086500000|  0%| F|  |TAMS 0x0000000086400000, 0x0000000086400000| Untracked 
| 101|0x0000000086500000, 0x0000000086500000, 0x0000000086600000|  0%| F|  |TAMS 0x0000000086500000, 0x0000000086500000| Untracked 
| 102|0x0000000086600000, 0x0000000086600000, 0x0000000086700000|  0%| F|  |TAMS 0x0000000086600000, 0x0000000086600000| Untracked 
| 103|0x0000000086700000, 0x0000000086700000, 0x0000000086800000|  0%| F|  |TAMS 0x0000000086700000, 0x0000000086700000| Untracked 
| 104|0x0000000086800000, 0x0000000086800000, 0x0000000086900000|  0%| F|  |TAMS 0x0000000086800000, 0x0000000086800000| Untracked 
| 105|0x0000000086900000, 0x0000000086900000, 0x0000000086a00000|  0%| F|  |TAMS 0x0000000086900000, 0x0000000086900000| Untracked 
| 106|0x0000000086a00000, 0x0000000086a00000, 0x0000000086b00000|  0%| F|  |TAMS 0x0000000086a00000, 0x0000000086a00000| Untracked 
| 107|0x0000000086b00000, 0x0000000086b00000, 0x0000000086c00000|  0%| F|  |TAMS 0x0000000086b00000, 0x0000000086b00000| Untracked 
| 108|0x0000000086c00000, 0x0000000086c00000, 0x0000000086d00000|  0%| F|  |TAMS 0x0000000086c00000, 0x0000000086c00000| Untracked 
| 109|0x0000000086d00000, 0x0000000086d00000, 0x0000000086e00000|  0%| F|  |TAMS 0x0000000086d00000, 0x0000000086d00000| Untracked 
| 110|0x0000000086e00000, 0x0000000086e00000, 0x0000000086f00000|  0%| F|  |TAMS 0x0000000086e00000, 0x0000000086e00000| Untracked 
| 111|0x0000000086f00000, 0x0000000086f00000, 0x0000000087000000|  0%| F|  |TAMS 0x0000000086f00000, 0x0000000086f00000| Untracked 
| 112|0x0000000087000000, 0x0000000087074c88, 0x0000000087100000| 45%| S|CS|TAMS 0x0000000087000000, 0x0000000087000000| Complete 
| 113|0x0000000087100000, 0x0000000087200000, 0x0000000087200000|100%| S|CS|TAMS 0x0000000087100000, 0x0000000087100000| Complete 
| 114|0x0000000087200000, 0x0000000087300000, 0x0000000087300000|100%| S|CS|TAMS 0x0000000087200000, 0x0000000087200000| Complete 
| 115|0x0000000087300000, 0x0000000087400000, 0x0000000087400000|100%| S|CS|TAMS 0x0000000087300000, 0x0000000087300000| Complete 
| 116|0x0000000087400000, 0x0000000087500000, 0x0000000087500000|100%| S|CS|TAMS 0x0000000087400000, 0x0000000087400000| Complete 
| 117|0x0000000087500000, 0x0000000087600000, 0x0000000087600000|100%| S|CS|TAMS 0x0000000087500000, 0x0000000087500000| Complete 
| 118|0x0000000087600000, 0x0000000087700000, 0x0000000087700000|100%| S|CS|TAMS 0x0000000087600000, 0x0000000087600000| Complete 
| 119|0x0000000087700000, 0x0000000087800000, 0x0000000087800000|100%| S|CS|TAMS 0x0000000087700000, 0x0000000087700000| Complete 
| 120|0x0000000087800000, 0x0000000087900000, 0x0000000087900000|100%| S|CS|TAMS 0x0000000087800000, 0x0000000087800000| Complete 
| 121|0x0000000087900000, 0x0000000087a00000, 0x0000000087a00000|100%| S|CS|TAMS 0x0000000087900000, 0x0000000087900000| Complete 
| 122|0x0000000087a00000, 0x0000000087b00000, 0x0000000087b00000|100%| S|CS|TAMS 0x0000000087a00000, 0x0000000087a00000| Complete 
| 123|0x0000000087b00000, 0x0000000087c00000, 0x0000000087c00000|100%| S|CS|TAMS 0x0000000087b00000, 0x0000000087b00000| Complete 
| 124|0x0000000087c00000, 0x0000000087d00000, 0x0000000087d00000|100%| S|CS|TAMS 0x0000000087c00000, 0x0000000087c00000| Complete 
| 125|0x0000000087d00000, 0x0000000087d00000, 0x0000000087e00000|  0%| F|  |TAMS 0x0000000087d00000, 0x0000000087d00000| Untracked 
| 126|0x0000000087e00000, 0x0000000087e00000, 0x0000000087f00000|  0%| F|  |TAMS 0x0000000087e00000, 0x0000000087e00000| Untracked 
| 127|0x0000000087f00000, 0x0000000087f00000, 0x0000000088000000|  0%| F|  |TAMS 0x0000000087f00000, 0x0000000087f00000| Untracked 
| 128|0x0000000088000000, 0x0000000088000000, 0x0000000088100000|  0%| F|  |TAMS 0x0000000088000000, 0x0000000088000000| Untracked 
| 129|0x0000000088100000, 0x0000000088100000, 0x0000000088200000|  0%| F|  |TAMS 0x0000000088100000, 0x0000000088100000| Untracked 
| 130|0x0000000088200000, 0x0000000088200000, 0x0000000088300000|  0%| F|  |TAMS 0x0000000088200000, 0x0000000088200000| Untracked 
| 131|0x0000000088300000, 0x0000000088300000, 0x0000000088400000|  0%| F|  |TAMS 0x0000000088300000, 0x0000000088300000| Untracked 
| 132|0x0000000088400000, 0x0000000088400000, 0x0000000088500000|  0%| F|  |TAMS 0x0000000088400000, 0x0000000088400000| Untracked 
| 133|0x0000000088500000, 0x0000000088500000, 0x0000000088600000|  0%| F|  |TAMS 0x0000000088500000, 0x0000000088500000| Untracked 
| 134|0x0000000088600000, 0x0000000088600000, 0x0000000088700000|  0%| F|  |TAMS 0x0000000088600000, 0x0000000088600000| Untracked 
| 135|0x0000000088700000, 0x0000000088700000, 0x0000000088800000|  0%| F|  |TAMS 0x0000000088700000, 0x0000000088700000| Untracked 
| 136|0x0000000088800000, 0x0000000088800000, 0x0000000088900000|  0%| F|  |TAMS 0x0000000088800000, 0x0000000088800000| Untracked 
| 137|0x0000000088900000, 0x0000000088900000, 0x0000000088a00000|  0%| F|  |TAMS 0x0000000088900000, 0x0000000088900000| Untracked 
| 138|0x0000000088a00000, 0x0000000088a00000, 0x0000000088b00000|  0%| F|  |TAMS 0x0000000088a00000, 0x0000000088a00000| Untracked 
| 139|0x0000000088b00000, 0x0000000088b00000, 0x0000000088c00000|  0%| F|  |TAMS 0x0000000088b00000, 0x0000000088b00000| Untracked 
| 140|0x0000000088c00000, 0x0000000088c00000, 0x0000000088d00000|  0%| F|  |TAMS 0x0000000088c00000, 0x0000000088c00000| Untracked 
| 141|0x0000000088d00000, 0x0000000088d00000, 0x0000000088e00000|  0%| F|  |TAMS 0x0000000088d00000, 0x0000000088d00000| Untracked 
| 142|0x0000000088e00000, 0x0000000088e00000, 0x0000000088f00000|  0%| F|  |TAMS 0x0000000088e00000, 0x0000000088e00000| Untracked 
| 143|0x0000000088f00000, 0x0000000088f00000, 0x0000000089000000|  0%| F|  |TAMS 0x0000000088f00000, 0x0000000088f00000| Untracked 
| 144|0x0000000089000000, 0x0000000089000000, 0x0000000089100000|  0%| F|  |TAMS 0x0000000089000000, 0x0000000089000000| Untracked 
| 145|0x0000000089100000, 0x0000000089100000, 0x0000000089200000|  0%| F|  |TAMS 0x0000000089100000, 0x0000000089100000| Untracked 
| 146|0x0000000089200000, 0x0000000089200000, 0x0000000089300000|  0%| F|  |TAMS 0x0000000089200000, 0x0000000089200000| Untracked 
| 147|0x0000000089300000, 0x0000000089300000, 0x0000000089400000|  0%| F|  |TAMS 0x0000000089300000, 0x0000000089300000| Untracked 
| 148|0x0000000089400000, 0x0000000089400000, 0x0000000089500000|  0%| F|  |TAMS 0x0000000089400000, 0x0000000089400000| Untracked 
| 149|0x0000000089500000, 0x0000000089500000, 0x0000000089600000|  0%| F|  |TAMS 0x0000000089500000, 0x0000000089500000| Untracked 
| 150|0x0000000089600000, 0x0000000089600000, 0x0000000089700000|  0%| F|  |TAMS 0x0000000089600000, 0x0000000089600000| Untracked 
| 151|0x0000000089700000, 0x0000000089700000, 0x0000000089800000|  0%| F|  |TAMS 0x0000000089700000, 0x0000000089700000| Untracked 
| 152|0x0000000089800000, 0x0000000089800000, 0x0000000089900000|  0%| F|  |TAMS 0x0000000089800000, 0x0000000089800000| Untracked 
| 153|0x0000000089900000, 0x0000000089900000, 0x0000000089a00000|  0%| F|  |TAMS 0x0000000089900000, 0x0000000089900000| Untracked 
| 154|0x0000000089a00000, 0x0000000089a00000, 0x0000000089b00000|  0%| F|  |TAMS 0x0000000089a00000, 0x0000000089a00000| Untracked 
| 155|0x0000000089b00000, 0x0000000089b00000, 0x0000000089c00000|  0%| F|  |TAMS 0x0000000089b00000, 0x0000000089b00000| Untracked 
| 156|0x0000000089c00000, 0x0000000089c00000, 0x0000000089d00000|  0%| F|  |TAMS 0x0000000089c00000, 0x0000000089c00000| Untracked 
| 157|0x0000000089d00000, 0x0000000089d00000, 0x0000000089e00000|  0%| F|  |TAMS 0x0000000089d00000, 0x0000000089d00000| Untracked 
| 158|0x0000000089e00000, 0x0000000089e00000, 0x0000000089f00000|  0%| F|  |TAMS 0x0000000089e00000, 0x0000000089e00000| Untracked 
| 159|0x0000000089f00000, 0x0000000089f00000, 0x000000008a000000|  0%| F|  |TAMS 0x0000000089f00000, 0x0000000089f00000| Untracked 
| 160|0x000000008a000000, 0x000000008a000000, 0x000000008a100000|  0%| F|  |TAMS 0x000000008a000000, 0x000000008a000000| Untracked 
| 161|0x000000008a100000, 0x000000008a100000, 0x000000008a200000|  0%| F|  |TAMS 0x000000008a100000, 0x000000008a100000| Untracked 
| 162|0x000000008a200000, 0x000000008a200000, 0x000000008a300000|  0%| F|  |TAMS 0x000000008a200000, 0x000000008a200000| Untracked 
| 163|0x000000008a300000, 0x000000008a300000, 0x000000008a400000|  0%| F|  |TAMS 0x000000008a300000, 0x000000008a300000| Untracked 
| 164|0x000000008a400000, 0x000000008a400000, 0x000000008a500000|  0%| F|  |TAMS 0x000000008a400000, 0x000000008a400000| Untracked 
| 165|0x000000008a500000, 0x000000008a500000, 0x000000008a600000|  0%| F|  |TAMS 0x000000008a500000, 0x000000008a500000| Untracked 
| 166|0x000000008a600000, 0x000000008a600000, 0x000000008a700000|  0%| F|  |TAMS 0x000000008a600000, 0x000000008a600000| Untracked 
| 167|0x000000008a700000, 0x000000008a700000, 0x000000008a800000|  0%| F|  |TAMS 0x000000008a700000, 0x000000008a700000| Untracked 
| 168|0x000000008a800000, 0x000000008a800000, 0x000000008a900000|  0%| F|  |TAMS 0x000000008a800000, 0x000000008a800000| Untracked 
| 169|0x000000008a900000, 0x000000008a900000, 0x000000008aa00000|  0%| F|  |TAMS 0x000000008a900000, 0x000000008a900000| Untracked 
| 170|0x000000008aa00000, 0x000000008aa00000, 0x000000008ab00000|  0%| F|  |TAMS 0x000000008aa00000, 0x000000008aa00000| Untracked 
| 171|0x000000008ab00000, 0x000000008ab00000, 0x000000008ac00000|  0%| F|  |TAMS 0x000000008ab00000, 0x000000008ab00000| Untracked 
| 172|0x000000008ac00000, 0x000000008ac00000, 0x000000008ad00000|  0%| F|  |TAMS 0x000000008ac00000, 0x000000008ac00000| Untracked 
| 173|0x000000008ad00000, 0x000000008ad00000, 0x000000008ae00000|  0%| F|  |TAMS 0x000000008ad00000, 0x000000008ad00000| Untracked 
| 174|0x000000008ae00000, 0x000000008ae00000, 0x000000008af00000|  0%| F|  |TAMS 0x000000008ae00000, 0x000000008ae00000| Untracked 
| 175|0x000000008af00000, 0x000000008af00000, 0x000000008b000000|  0%| F|  |TAMS 0x000000008af00000, 0x000000008af00000| Untracked 
| 176|0x000000008b000000, 0x000000008b000000, 0x000000008b100000|  0%| F|  |TAMS 0x000000008b000000, 0x000000008b000000| Untracked 
| 177|0x000000008b100000, 0x000000008b100000, 0x000000008b200000|  0%| F|  |TAMS 0x000000008b100000, 0x000000008b100000| Untracked 
| 178|0x000000008b200000, 0x000000008b200000, 0x000000008b300000|  0%| F|  |TAMS 0x000000008b200000, 0x000000008b200000| Untracked 
| 179|0x000000008b300000, 0x000000008b300000, 0x000000008b400000|  0%| F|  |TAMS 0x000000008b300000, 0x000000008b300000| Untracked 
| 180|0x000000008b400000, 0x000000008b400000, 0x000000008b500000|  0%| F|  |TAMS 0x000000008b400000, 0x000000008b400000| Untracked 
| 181|0x000000008b500000, 0x000000008b500000, 0x000000008b600000|  0%| F|  |TAMS 0x000000008b500000, 0x000000008b500000| Untracked 
| 182|0x000000008b600000, 0x000000008b600000, 0x000000008b700000|  0%| F|  |TAMS 0x000000008b600000, 0x000000008b600000| Untracked 
| 183|0x000000008b700000, 0x000000008b700000, 0x000000008b800000|  0%| F|  |TAMS 0x000000008b700000, 0x000000008b700000| Untracked 
| 184|0x000000008b800000, 0x000000008b800000, 0x000000008b900000|  0%| F|  |TAMS 0x000000008b800000, 0x000000008b800000| Untracked 
| 185|0x000000008b900000, 0x000000008b900000, 0x000000008ba00000|  0%| F|  |TAMS 0x000000008b900000, 0x000000008b900000| Untracked 
| 186|0x000000008ba00000, 0x000000008ba00000, 0x000000008bb00000|  0%| F|  |TAMS 0x000000008ba00000, 0x000000008ba00000| Untracked 
| 187|0x000000008bb00000, 0x000000008bb00000, 0x000000008bc00000|  0%| F|  |TAMS 0x000000008bb00000, 0x000000008bb00000| Untracked 
| 188|0x000000008bc00000, 0x000000008bc00000, 0x000000008bd00000|  0%| F|  |TAMS 0x000000008bc00000, 0x000000008bc00000| Untracked 
| 189|0x000000008bd00000, 0x000000008bd00000, 0x000000008be00000|  0%| F|  |TAMS 0x000000008bd00000, 0x000000008bd00000| Untracked 
| 190|0x000000008be00000, 0x000000008be00000, 0x000000008bf00000|  0%| F|  |TAMS 0x000000008be00000, 0x000000008be00000| Untracked 
| 191|0x000000008bf00000, 0x000000008bf00000, 0x000000008c000000|  0%| F|  |TAMS 0x000000008bf00000, 0x000000008bf00000| Untracked 
| 192|0x000000008c000000, 0x000000008c000000, 0x000000008c100000|  0%| F|  |TAMS 0x000000008c000000, 0x000000008c000000| Untracked 
| 193|0x000000008c100000, 0x000000008c100000, 0x000000008c200000|  0%| F|  |TAMS 0x000000008c100000, 0x000000008c100000| Untracked 
| 194|0x000000008c200000, 0x000000008c200000, 0x000000008c300000|  0%| F|  |TAMS 0x000000008c200000, 0x000000008c200000| Untracked 
| 195|0x000000008c300000, 0x000000008c300000, 0x000000008c400000|  0%| F|  |TAMS 0x000000008c300000, 0x000000008c300000| Untracked 
| 196|0x000000008c400000, 0x000000008c400000, 0x000000008c500000|  0%| F|  |TAMS 0x000000008c400000, 0x000000008c400000| Untracked 
| 197|0x000000008c500000, 0x000000008c500000, 0x000000008c600000|  0%| F|  |TAMS 0x000000008c500000, 0x000000008c500000| Untracked 
| 198|0x000000008c600000, 0x000000008c600000, 0x000000008c700000|  0%| F|  |TAMS 0x000000008c600000, 0x000000008c600000| Untracked 
| 199|0x000000008c700000, 0x000000008c700000, 0x000000008c800000|  0%| F|  |TAMS 0x000000008c700000, 0x000000008c700000| Untracked 
| 200|0x000000008c800000, 0x000000008c800000, 0x000000008c900000|  0%| F|  |TAMS 0x000000008c800000, 0x000000008c800000| Untracked 
| 201|0x000000008c900000, 0x000000008c900000, 0x000000008ca00000|  0%| F|  |TAMS 0x000000008c900000, 0x000000008c900000| Untracked 
| 202|0x000000008ca00000, 0x000000008ca00000, 0x000000008cb00000|  0%| F|  |TAMS 0x000000008ca00000, 0x000000008ca00000| Untracked 
| 203|0x000000008cb00000, 0x000000008cb00000, 0x000000008cc00000|  0%| F|  |TAMS 0x000000008cb00000, 0x000000008cb00000| Untracked 
| 204|0x000000008cc00000, 0x000000008cc00000, 0x000000008cd00000|  0%| F|  |TAMS 0x000000008cc00000, 0x000000008cc00000| Untracked 
| 205|0x000000008cd00000, 0x000000008cd00000, 0x000000008ce00000|  0%| F|  |TAMS 0x000000008cd00000, 0x000000008cd00000| Untracked 
| 206|0x000000008ce00000, 0x000000008ce00000, 0x000000008cf00000|  0%| F|  |TAMS 0x000000008ce00000, 0x000000008ce00000| Untracked 
| 207|0x000000008cf00000, 0x000000008cf9eb50, 0x000000008d000000| 61%| E|  |TAMS 0x000000008cf00000, 0x000000008cf00000| Complete 
| 208|0x000000008d000000, 0x000000008d100000, 0x000000008d100000|100%| E|CS|TAMS 0x000000008d000000, 0x000000008d000000| Complete 
| 209|0x000000008d100000, 0x000000008d200000, 0x000000008d200000|100%| E|CS|TAMS 0x000000008d100000, 0x000000008d100000| Complete 
| 210|0x000000008d200000, 0x000000008d300000, 0x000000008d300000|100%| E|CS|TAMS 0x000000008d200000, 0x000000008d200000| Complete 
| 211|0x000000008d300000, 0x000000008d400000, 0x000000008d400000|100%| E|CS|TAMS 0x000000008d300000, 0x000000008d300000| Complete 
| 212|0x000000008d400000, 0x000000008d500000, 0x000000008d500000|100%| E|CS|TAMS 0x000000008d400000, 0x000000008d400000| Complete 
| 213|0x000000008d500000, 0x000000008d600000, 0x000000008d600000|100%| E|CS|TAMS 0x000000008d500000, 0x000000008d500000| Complete 
| 214|0x000000008d600000, 0x000000008d700000, 0x000000008d700000|100%| E|CS|TAMS 0x000000008d600000, 0x000000008d600000| Complete 
| 215|0x000000008d700000, 0x000000008d800000, 0x000000008d800000|100%| E|CS|TAMS 0x000000008d700000, 0x000000008d700000| Complete 
| 216|0x000000008d800000, 0x000000008d900000, 0x000000008d900000|100%| E|CS|TAMS 0x000000008d800000, 0x000000008d800000| Complete 
| 217|0x000000008d900000, 0x000000008da00000, 0x000000008da00000|100%| E|CS|TAMS 0x000000008d900000, 0x000000008d900000| Complete 
| 218|0x000000008da00000, 0x000000008db00000, 0x000000008db00000|100%| E|CS|TAMS 0x000000008da00000, 0x000000008da00000| Complete 
| 219|0x000000008db00000, 0x000000008dc00000, 0x000000008dc00000|100%| E|CS|TAMS 0x000000008db00000, 0x000000008db00000| Complete 
| 220|0x000000008dc00000, 0x000000008dd00000, 0x000000008dd00000|100%| E|CS|TAMS 0x000000008dc00000, 0x000000008dc00000| Complete 
| 221|0x000000008dd00000, 0x000000008de00000, 0x000000008de00000|100%| E|CS|TAMS 0x000000008dd00000, 0x000000008dd00000| Complete 
| 222|0x000000008de00000, 0x000000008df00000, 0x000000008df00000|100%| E|CS|TAMS 0x000000008de00000, 0x000000008de00000| Complete 
| 223|0x000000008df00000, 0x000000008e000000, 0x000000008e000000|100%| E|CS|TAMS 0x000000008df00000, 0x000000008df00000| Complete 
| 224|0x000000008e000000, 0x000000008e100000, 0x000000008e100000|100%| E|CS|TAMS 0x000000008e000000, 0x000000008e000000| Complete 
| 225|0x000000008e100000, 0x000000008e200000, 0x000000008e200000|100%| E|CS|TAMS 0x000000008e100000, 0x000000008e100000| Complete 
| 226|0x000000008e200000, 0x000000008e300000, 0x000000008e300000|100%| E|CS|TAMS 0x000000008e200000, 0x000000008e200000| Complete 
| 227|0x000000008e300000, 0x000000008e400000, 0x000000008e400000|100%| E|CS|TAMS 0x000000008e300000, 0x000000008e300000| Complete 
| 228|0x000000008e400000, 0x000000008e500000, 0x000000008e500000|100%| E|CS|TAMS 0x000000008e400000, 0x000000008e400000| Complete 
| 229|0x000000008e500000, 0x000000008e600000, 0x000000008e600000|100%| E|CS|TAMS 0x000000008e500000, 0x000000008e500000| Complete 
| 230|0x000000008e600000, 0x000000008e700000, 0x000000008e700000|100%| E|CS|TAMS 0x000000008e600000, 0x000000008e600000| Complete 
| 231|0x000000008e700000, 0x000000008e800000, 0x000000008e800000|100%| E|CS|TAMS 0x000000008e700000, 0x000000008e700000| Complete 
| 232|0x000000008e800000, 0x000000008e900000, 0x000000008e900000|100%| E|CS|TAMS 0x000000008e800000, 0x000000008e800000| Complete 
| 233|0x000000008e900000, 0x000000008ea00000, 0x000000008ea00000|100%| E|CS|TAMS 0x000000008e900000, 0x000000008e900000| Complete 
| 234|0x000000008ea00000, 0x000000008eb00000, 0x000000008eb00000|100%| E|CS|TAMS 0x000000008ea00000, 0x000000008ea00000| Complete 
| 235|0x000000008eb00000, 0x000000008ec00000, 0x000000008ec00000|100%| E|CS|TAMS 0x000000008eb00000, 0x000000008eb00000| Complete 
| 236|0x000000008ec00000, 0x000000008ed00000, 0x000000008ed00000|100%| E|CS|TAMS 0x000000008ec00000, 0x000000008ec00000| Complete 
| 237|0x000000008ed00000, 0x000000008ee00000, 0x000000008ee00000|100%| E|CS|TAMS 0x000000008ed00000, 0x000000008ed00000| Complete 
| 238|0x000000008ee00000, 0x000000008ef00000, 0x000000008ef00000|100%| E|CS|TAMS 0x000000008ee00000, 0x000000008ee00000| Complete 
| 239|0x000000008ef00000, 0x000000008f000000, 0x000000008f000000|100%| E|CS|TAMS 0x000000008ef00000, 0x000000008ef00000| Complete 
| 240|0x000000008f000000, 0x000000008f100000, 0x000000008f100000|100%| E|CS|TAMS 0x000000008f000000, 0x000000008f000000| Complete 
| 241|0x000000008f100000, 0x000000008f200000, 0x000000008f200000|100%| E|CS|TAMS 0x000000008f100000, 0x000000008f100000| Complete 
| 242|0x000000008f200000, 0x000000008f300000, 0x000000008f300000|100%| E|CS|TAMS 0x000000008f200000, 0x000000008f200000| Complete 
| 243|0x000000008f300000, 0x000000008f400000, 0x000000008f400000|100%| E|CS|TAMS 0x000000008f300000, 0x000000008f300000| Complete 
| 244|0x000000008f400000, 0x000000008f500000, 0x000000008f500000|100%| E|CS|TAMS 0x000000008f400000, 0x000000008f400000| Complete 
| 245|0x000000008f500000, 0x000000008f600000, 0x000000008f600000|100%| E|CS|TAMS 0x000000008f500000, 0x000000008f500000| Complete 
| 246|0x000000008f600000, 0x000000008f700000, 0x000000008f700000|100%| E|CS|TAMS 0x000000008f600000, 0x000000008f600000| Complete 
| 247|0x000000008f700000, 0x000000008f800000, 0x000000008f800000|100%| E|CS|TAMS 0x000000008f700000, 0x000000008f700000| Complete 
| 248|0x000000008f800000, 0x000000008f900000, 0x000000008f900000|100%| E|CS|TAMS 0x000000008f800000, 0x000000008f800000| Complete 
| 249|0x000000008f900000, 0x000000008fa00000, 0x000000008fa00000|100%| E|CS|TAMS 0x000000008f900000, 0x000000008f900000| Complete 

Card table byte_map: [0x0000028ba8b90000,0x0000028ba8f90000] _byte_map_base: 0x0000028ba8790000

Marking Bits (Prev, Next): (CMBitMap*) 0x0000028b959af228, (CMBitMap*) 0x0000028b959af260
 Prev Bits: [0x0000028ba9390000, 0x0000028bab390000)
 Next Bits: [0x0000028bab390000, 0x0000028bad390000)

Polling page: 0x0000028b95150000

Metaspace:

Usage:
  Non-class:     40.85 MB capacity,    40.05 MB ( 98%) used,   692.75 KB (  2%) free+waste,   122.75 KB ( <1%) overhead. 
      Class:      6.28 MB capacity,     5.86 MB ( 93%) used,   380.39 KB (  6%) free+waste,    58.44 KB ( <1%) overhead. 
       Both:     47.13 MB capacity,    45.91 MB ( 97%) used,     1.05 MB (  2%) free+waste,   181.19 KB ( <1%) overhead. 

Virtual space:
  Non-class space:       42.00 MB reserved,      41.00 MB ( 98%) committed 
      Class space:        1.00 GB reserved,       6.32 MB ( <1%) committed 
             Both:        1.04 GB reserved,      47.32 MB (  4%) committed 

Chunk freelists:
   Non-Class:  28.00 KB
       Class:  0 bytes
        Both:  28.00 KB

MaxMetaspaceSize: 17179869184.00 GB
CompressedClassSpaceSize: 1.00 GB

CodeHeap 'non-profiled nmethods': size=120000Kb used=2816Kb max_used=2816Kb free=117183Kb
 bounds [0x0000028ba0f30000, 0x0000028ba1200000, 0x0000028ba8460000]
CodeHeap 'profiled nmethods': size=120000Kb used=10113Kb max_used=10113Kb free=109887Kb
 bounds [0x0000028b99a00000, 0x0000028b9a3f0000, 0x0000028ba0f30000]
CodeHeap 'non-nmethods': size=5760Kb used=2214Kb max_used=2264Kb free=3545Kb
 bounds [0x0000028b99460000, 0x0000028b996d0000, 0x0000028b99a00000]
 total_blobs=5948 nmethods=5162 adapters=697
 compilation: enabled
              stopped_count=0, restarted_count=0
 full_count=0

Compilation events (20 events):
Event: 11.062 Thread 0x0000028bb06b3000 5117       3       org.gradle.cache.internal.DefaultCacheAccess$UnitOfWorkFileAccess::writeFile (14 bytes)
Event: 11.062 Thread 0x0000028bb06b3000 nmethod 5117 0x0000028b9a3c0690 code [0x0000028b9a3c0860, 0x0000028b9a3c0ab8]
Event: 11.062 Thread 0x0000028bb06b3000 5118       3       org.gradle.internal.snapshot.AbstractListChildMap::store (72 bytes)
Event: 11.064 Thread 0x0000028bb06b3000 nmethod 5118 0x0000028b9a3c0c10 code [0x0000028b9a3c0f60, 0x0000028b9a3c26b8]
Event: 11.064 Thread 0x0000028bb06b3000 5119       3       org.gradle.cache.internal.AsyncCacheAccessDecoratedCache$$Lambda$323/0x00000001004dcc40::run (20 bytes)
Event: 11.064 Thread 0x0000028bb06b3000 nmethod 5119 0x0000028b9a3c2f10 code [0x0000028b9a3c3100, 0x0000028b9a3c3508]
Event: 11.064 Thread 0x0000028bb06b3000 5120       3       org.gradle.cache.internal.btree.FileBackedBlockStore::flush (1 bytes)
Event: 11.064 Thread 0x0000028bb06b3000 nmethod 5120 0x0000028b9a3c3710 code [0x0000028b9a3c38c0, 0x0000028b9a3c39b8]
Event: 11.065 Thread 0x0000028bb06b3000 5121       3       java.util.ArrayList::set (24 bytes)
Event: 11.066 Thread 0x0000028bb06b3000 nmethod 5121 0x0000028b9a3c3a90 code [0x0000028b9a3c3cc0, 0x0000028b9a3c45c8]
Event: 11.068 Thread 0x0000028bb06ac800 nmethod 5092 0x0000028ba11ea710 code [0x0000028ba11ea900, 0x0000028ba11eb328]
Event: 11.068 Thread 0x0000028bb06ac800 5094       4       com.google.common.cache.CacheBuilder$1::recordHits (1 bytes)
Event: 11.068 Thread 0x0000028bb06ac800 nmethod 5094 0x0000028ba11eb910 code [0x0000028ba11ebaa0, 0x0000028ba11ebaf8]
Event: 11.068 Thread 0x0000028bb06ac800 5093       4       java.util.Arrays::fill (21 bytes)
Event: 11.068 Thread 0x0000028bb06b3000 5122       3       org.gradle.internal.snapshot.AbstractListChildMap$2::withReplacedChild (14 bytes)
Event: 11.069 Thread 0x0000028bb06b3000 nmethod 5122 0x0000028b9a3c4910 code [0x0000028b9a3c4ac0, 0x0000028b9a3c4c88]
Event: 11.069 Thread 0x0000028bb06b3000 5123       3       org.gradle.internal.snapshot.AbstractListChildMap::withReplacedChild (78 bytes)
Event: 11.069 Thread 0x0000028bb06b3000 nmethod 5123 0x0000028b9a3c4d90 code [0x0000028b9a3c5020, 0x0000028b9a3c5b98]
Event: 11.069 Thread 0x0000028bb06b3000 5124       3       com.google.common.cache.LocalCache::get (21 bytes)
Event: 11.070 Thread 0x0000028bb06b3000 nmethod 5124 0x0000028b9a3c6010 code [0x0000028b9a3c6240, 0x0000028b9a3c67b8]

GC Heap History (10 events):
Event: 0.808 GC heap before
{Heap before GC invocations=0 (full 0):
 garbage-first heap   total 256000K, used 29696K [0x0000000080000000, 0x0000000100000000)
  region size 1024K, 24 young (24576K), 0 survivors (0K)
 Metaspace       used 9811K, capacity 9986K, committed 10112K, reserved 1058816K
  class space    used 1021K, capacity 1102K, committed 1152K, reserved 1048576K
}
Event: 0.812 GC heap after
{Heap after GC invocations=1 (full 0):
 garbage-first heap   total 256000K, used 9377K [0x0000000080000000, 0x0000000100000000)
  region size 1024K, 3 young (3072K), 3 survivors (3072K)
 Metaspace       used 9811K, capacity 9986K, committed 10112K, reserved 1058816K
  class space    used 1021K, capacity 1102K, committed 1152K, reserved 1048576K
}
Event: 4.219 GC heap before
{Heap before GC invocations=1 (full 0):
 garbage-first heap   total 256000K, used 106657K [0x0000000080000000, 0x0000000100000000)
  region size 1024K, 99 young (101376K), 3 survivors (3072K)
 Metaspace       used 20635K, capacity 21118K, committed 21248K, reserved 1067008K
  class space    used 2518K, capacity 2720K, committed 2816K, reserved 1048576K
}
Event: 4.234 GC heap after
{Heap after GC invocations=2 (full 0):
 garbage-first heap   total 256000K, used 16949K [0x0000000080000000, 0x0000000100000000)
  region size 1024K, 11 young (11264K), 11 survivors (11264K)
 Metaspace       used 20635K, capacity 21118K, committed 21248K, reserved 1067008K
  class space    used 2518K, capacity 2720K, committed 2816K, reserved 1048576K
}
Event: 5.722 GC heap before
{Heap before GC invocations=3 (full 0):
 garbage-first heap   total 256000K, used 80437K [0x0000000080000000, 0x0000000100000000)
  region size 1024K, 73 young (74752K), 11 survivors (11264K)
 Metaspace       used 26615K, capacity 27263K, committed 27392K, reserved 1073152K
  class space    used 3506K, capacity 3755K, committed 3840K, reserved 1048576K
}
Event: 5.735 GC heap after
{Heap after GC invocations=4 (full 0):
 garbage-first heap   total 256000K, used 18917K [0x0000000080000000, 0x0000000100000000)
  region size 1024K, 3 young (3072K), 3 survivors (3072K)
 Metaspace       used 26615K, capacity 27263K, committed 27392K, reserved 1073152K
  class space    used 3506K, capacity 3755K, committed 3840K, reserved 1048576K
}
Event: 6.995 GC heap before
{Heap before GC invocations=4 (full 0):
 garbage-first heap   total 256000K, used 64997K [0x0000000080000000, 0x0000000100000000)
  region size 1024K, 50 young (51200K), 3 survivors (3072K)
 Metaspace       used 35061K, capacity 35830K, committed 35840K, reserved 1081344K
  class space    used 4541K, capacity 4864K, committed 4864K, reserved 1048576K
}
Event: 7.009 GC heap after
{Heap after GC invocations=5 (full 0):
 garbage-first heap   total 256000K, used 22024K [0x0000000080000000, 0x0000000100000000)
  region size 1024K, 6 young (6144K), 6 survivors (6144K)
 Metaspace       used 35061K, capacity 35830K, committed 35840K, reserved 1081344K
  class space    used 4541K, capacity 4864K, committed 4864K, reserved 1048576K
}
Event: 9.237 GC heap before
{Heap before GC invocations=6 (full 0):
 garbage-first heap   total 256000K, used 146952K [0x0000000080000000, 0x0000000100000000)
  region size 1024K, 125 young (128000K), 6 survivors (6144K)
 Metaspace       used 44750K, capacity 45842K, committed 46156K, reserved 1089536K
  class space    used 5751K, capacity 6146K, committed 6220K, reserved 1048576K
}
Event: 9.249 GC heap after
{Heap after GC invocations=7 (full 0):
 garbage-first heap   total 256000K, used 29150K [0x0000000080000000, 0x0000000100000000)
  region size 1024K, 13 young (13312K), 13 survivors (13312K)
 Metaspace       used 44750K, capacity 45842K, committed 46156K, reserved 1089536K
  class space    used 5751K, capacity 6146K, committed 6220K, reserved 1048576K
}

Deoptimization events (20 events):
Event: 10.804 Thread 0x0000028bb6bae800 DEOPT PACKING pc=0x0000028b9a014374 sp=0x000000fa548fdd70
Event: 10.804 Thread 0x0000028bb6bae800 DEOPT UNPACKING pc=0x0000028b994876ce sp=0x000000fa548fd310 mode 0
Event: 10.813 Thread 0x0000028bb38c8000 Uncommon trap: trap_request=0xffffffcc fr.pc=0x0000028ba11cba18 relative=0x00000000000010d8
Event: 10.813 Thread 0x0000028bb38c8000 Uncommon trap: reason=intrinsic_or_type_checked_inlining action=make_not_entrant pc=0x0000028ba11cba18 method=java.util.ArrayList.toArray([Ljava/lang/Object;)[Ljava/lang/Object; @ 36 c2
Event: 10.813 Thread 0x0000028bb38c8000 DEOPT PACKING pc=0x0000028ba11cba18 sp=0x000000fa547fdc10
Event: 10.813 Thread 0x0000028bb38c8000 DEOPT UNPACKING pc=0x0000028b994878af sp=0x000000fa547fdb68 mode 2
Event: 10.846 Thread 0x0000028bb6bab000 DEOPT PACKING pc=0x0000028b9a014374 sp=0x000000fa54afd130
Event: 10.846 Thread 0x0000028bb6bab000 DEOPT UNPACKING pc=0x0000028b994876ce sp=0x000000fa54afc6d0 mode 0
Event: 10.886 Thread 0x0000028bb38c9000 DEOPT PACKING pc=0x0000028b9a014374 sp=0x000000fa546fd1f0
Event: 10.886 Thread 0x0000028bb38c9000 DEOPT UNPACKING pc=0x0000028b994876ce sp=0x000000fa546fc790 mode 0
Event: 10.925 Thread 0x0000028bb6bad800 DEOPT PACKING pc=0x0000028b9a014374 sp=0x000000fa54bfdac0
Event: 10.925 Thread 0x0000028bb6bad800 DEOPT UNPACKING pc=0x0000028b994876ce sp=0x000000fa54bfd060 mode 0
Event: 10.946 Thread 0x0000028bb38bc000 DEOPT PACKING pc=0x0000028b99d1f25a sp=0x000000fa535fe120
Event: 10.946 Thread 0x0000028bb38bc000 DEOPT UNPACKING pc=0x0000028b994876ce sp=0x000000fa535fd5a8 mode 0
Event: 11.046 Thread 0x0000028bb2f73000 DEOPT PACKING pc=0x0000028b9a014374 sp=0x000000fa52dfa210
Event: 11.046 Thread 0x0000028bb2f73000 DEOPT UNPACKING pc=0x0000028b994876ce sp=0x000000fa52df97b0 mode 0
Event: 11.048 Thread 0x0000028bb38bc000 DEOPT PACKING pc=0x0000028b99d1457a sp=0x000000fa535fe1b0
Event: 11.048 Thread 0x0000028bb38bc000 DEOPT UNPACKING pc=0x0000028b994876ce sp=0x000000fa535fd5e8 mode 0
Event: 11.048 Thread 0x0000028bb2f73000 DEOPT PACKING pc=0x0000028b9a014374 sp=0x000000fa52dfa210
Event: 11.048 Thread 0x0000028bb2f73000 DEOPT UNPACKING pc=0x0000028b994876ce sp=0x000000fa52df97b0 mode 0

Classes redefined (0 events):
No events

Internal exceptions (20 events):
Event: 8.626 Thread 0x0000028bb2f73000 Exception <a 'java/lang/ClassNotFoundException'{0x0000000089cf1fb8}: build_2npx15xijyaaq4lxa1zxmywqvCustomizer> (0x0000000089cf1fb8) thrown at [./src/hotspot/share/classfile/systemDictionary.cpp, line 231]
Event: 8.643 Thread 0x0000028bb2f73000 Exception <a 'java/lang/ClassNotFoundException'{0x0000000089b844d0}: org/gradle/api/internal/initialization/DefaultScriptHandlerBeanInfo> (0x0000000089b844d0) thrown at [./src/hotspot/share/classfile/systemDictionary.cpp, line 231]
Event: 8.644 Thread 0x0000028bb2f73000 Exception <a 'java/lang/ClassNotFoundException'{0x0000000089bad488}: org/gradle/api/internal/initialization/DefaultScriptHandlerCustomizer> (0x0000000089bad488) thrown at [./src/hotspot/share/classfile/systemDictionary.cpp, line 231]
Event: 8.830 Thread 0x0000028bb2f73000 Exception <a 'java/lang/ClassNotFoundException'{0x000000008937fc20}: org/gradle/api/internal/artifacts/dsl/dependencies/DefaultDependencyHandler_DecoratedBeanInfo> (0x000000008937fc20) thrown at [./src/hotspot/share/classfile/systemDictionary.cpp, line 231]
Event: 8.833 Thread 0x0000028bb2f73000 Exception <a 'java/lang/ClassNotFoundException'{0x00000000893be038}: org/gradle/api/internal/artifacts/dsl/dependencies/DefaultDependencyHandlerBeanInfo> (0x00000000893be038) thrown at [./src/hotspot/share/classfile/systemDictionary.cpp, line 231]
Event: 8.834 Thread 0x0000028bb2f73000 Exception <a 'java/lang/ClassNotFoundException'{0x00000000893fc540}: org/gradle/api/internal/artifacts/dsl/dependencies/DefaultDependencyHandlerCustomizer> (0x00000000893fc540) thrown at [./src/hotspot/share/classfile/systemDictionary.cpp, line 231]
Event: 8.838 Thread 0x0000028bb2f73000 Exception <a 'java/lang/ClassNotFoundException'{0x0000000089263e38}: org/gradle/api/internal/artifacts/dsl/dependencies/DefaultDependencyHandler_DecoratedCustomizer> (0x0000000089263e38) thrown at [./src/hotspot/share/classfile/systemDictionary.cpp, line 231]
Event: 8.867 Thread 0x0000028bb2f73000 Exception <a 'java/lang/NoSuchMethodError'{0x000000008916fb00}: 'java.lang.Object java.lang.invoke.DirectMethodHandle$Holder.invokeStatic(java.lang.Object, java.lang.Object, int, java.lang.Object)'> (0x000000008916fb00) thrown at [./src/hotspot/share/interpreter/linkResolver.cpp, line 773]
Event: 8.867 Thread 0x0000028bb2f73000 Exception <a 'java/lang/NoSuchMethodError'{0x0000000089176d98}: 'java.lang.Object java.lang.invoke.Invokers$Holder.linkToTargetMethod(java.lang.Object, int, java.lang.Object, java.lang.Object)'> (0x0000000089176d98) thrown at [./src/hotspot/share/interpreter/linkResolver.cpp, line 773]
Event: 9.194 Thread 0x0000028bb2f73000 Exception <a 'java/lang/NoSuchMethodError'{0x00000000880de128}: 'java.lang.Object java.lang.invoke.DelegatingMethodHandle$Holder.reinvoke_L(java.lang.Object, java.lang.Object, java.lang.Object, java.lang.Object, java.lang.Object, java.lang.Object, java.lang.Object, java.lang.Object, java.lang.Object, java.lang.Object, java.lang.Object, java.lang.Object, java.lang.Object, java.lang.Object, java.lang.Object, java.lang.Object, java.lang.Object, java.lang.Object, java.lang.Object, java.lang.Object, java.lang.O
Event: 9.195 Thread 0x0000028bb2f73000 Exception <a 'java/lang/NoSuchMethodError'{0x00000000880e9b30}: 'java.lang.Object java.lang.invoke.DirectMethodHandle$Holder.invokeSpecial(java.lang.Object, java.lang.Object, java.lang.Object, java.lang.Object, java.lang.Object, java.lang.Object, java.lang.Object, java.lang.Object, java.lang.Object, java.lang.Object, java.lang.Object, java.lang.Object, java.lang.Object, java.lang.Object, java.lang.Object, java.lang.Object, java.lang.Object, java.lang.Object, java.lang.Object, java.lang.Object, java.lang.Ob
Event: 9.195 Thread 0x0000028bb2f73000 Exception <a 'java/lang/NoSuchMethodError'{0x00000000880efd20}: 'java.lang.Object java.lang.invoke.Invokers$Holder.invoker(java.lang.Object, java.lang.Object, java.lang.Object, java.lang.Object, java.lang.Object, java.lang.Object, java.lang.Object, java.lang.Object, java.lang.Object, java.lang.Object, java.lang.Object, java.lang.Object, java.lang.Object, java.lang.Object, java.lang.Object, java.lang.Object, java.lang.Object, java.lang.Object, java.lang.Object, java.lang.Object, java.lang.Object)'> (0x00000
Event: 9.196 Thread 0x0000028bb2f73000 Exception <a 'java/lang/NoSuchMethodError'{0x00000000880f7090}: 'java.lang.Object java.lang.invoke.DelegatingMethodHandle$Holder.delegate(java.lang.Object, java.lang.Object, java.lang.Object, java.lang.Object, java.lang.Object, java.lang.Object, java.lang.Object, java.lang.Object, java.lang.Object, java.lang.Object, java.lang.Object, java.lang.Object, java.lang.Object, java.lang.Object, java.lang.Object, java.lang.Object, java.lang.Object, java.lang.Object, java.lang.Object, java.lang.Object, java.lang.Obj
Event: 9.200 Thread 0x0000028bb2f73000 Exception <a 'java/lang/NoSuchMethodError'{0x0000000087f40438}: 'java.lang.Object java.lang.invoke.DirectMethodHandle$Holder.invokeStatic(java.lang.Object, java.lang.Object, java.lang.Object, java.lang.Object, java.lang.Object, java.lang.Object, java.lang.Object, java.lang.Object, java.lang.Object, java.lang.Object, java.lang.Object, java.lang.Object, java.lang.Object, java.lang.Object, java.lang.Object)'> (0x0000000087f40438) thrown at [./src/hotspot/share/interpreter/linkResolver.cpp, line 773]
Event: 9.202 Thread 0x0000028bb2f73000 Exception <a 'java/lang/NoSuchMethodError'{0x0000000087f50a70}: 'java.lang.Object java.lang.invoke.DirectMethodHandle$Holder.invokeStatic(java.lang.Object, java.lang.Object, java.lang.Object, java.lang.Object, java.lang.Object, java.lang.Object, java.lang.Object, java.lang.Object, java.lang.Object, java.lang.Object, java.lang.Object, java.lang.Object, java.lang.Object, java.lang.Object, java.lang.Object, java.lang.Object)'> (0x0000000087f50a70) thrown at [./src/hotspot/share/interpreter/linkResolver.cpp, l
Event: 9.202 Thread 0x0000028bb2f73000 Exception <a 'java/lang/NoSuchMethodError'{0x0000000087f60fb8}: 'java.lang.Object java.lang.invoke.DelegatingMethodHandle$Holder.reinvoke_L(java.lang.Object, java.lang.Object, java.lang.Object, java.lang.Object, java.lang.Object, java.lang.Object, java.lang.Object, java.lang.Object, java.lang.Object, java.lang.Object, java.lang.Object, java.lang.Object, java.lang.Object, java.lang.Object, java.lang.Object, java.lang.Object, java.lang.Object, java.lang.Object, java.lang.Object, java.lang.Object)'> (0x000000
Event: 9.265 Thread 0x0000028bb2f73000 Exception <a 'java/lang/IncompatibleClassChangeError'{0x000000008f82bbe0}: Found class java.lang.Object, but interface was expected> (0x000000008f82bbe0) thrown at [./src/hotspot/share/interpreter/linkResolver.cpp, line 839]
Event: 9.409 Thread 0x0000028bb2f73000 Exception <a 'java/lang/NoSuchMethodError'{0x000000008f0d5988}: 'int java.lang.invoke.DirectMethodHandle$Holder.invokeStaticInit(java.lang.Object)'> (0x000000008f0d5988) thrown at [./src/hotspot/share/interpreter/linkResolver.cpp, line 773]
Event: 10.317 Thread 0x0000028bb2f73000 Exception <a 'java/lang/NoSuchMethodError'{0x000000008e3bea48}: 'void java.lang.invoke.DirectMethodHandle$Holder.invokeStatic(java.lang.Object, java.lang.Object, java.lang.Object, int, java.lang.Object)'> (0x000000008e3bea48) thrown at [./src/hotspot/share/interpreter/linkResolver.cpp, line 773]
Event: 10.748 Thread 0x0000028bb38c9000 Implicit null exception at 0x0000028ba11bed0f to 0x0000028ba11bef6c

Events (20 events):
Event: 10.963 Thread 0x0000028bb6bac000 Thread added: 0x0000028bb6bac000
Event: 10.964 loading class org/gradle/internal/snapshot/AbstractListChildMap$2
Event: 10.964 loading class org/gradle/internal/snapshot/AbstractListChildMap$2 done
Event: 10.964 Thread 0x0000028bb6baa800 Thread added: 0x0000028bb6baa800
Event: 10.966 Thread 0x0000028bb6bb1000 Thread added: 0x0000028bb6bb1000
Event: 10.966 Thread 0x0000028bb6bb1800 Thread added: 0x0000028bb6bb1800
Event: 10.967 Thread 0x0000028bb6bb2800 Thread added: 0x0000028bb6bb2800
Event: 10.978 loading class org/gradle/internal/snapshot/LargeChildMap
Event: 10.978 loading class org/gradle/internal/snapshot/LargeChildMap done
Event: 11.022 Thread 0x0000028bb6a05000 Thread added: 0x0000028bb6a05000
Event: 11.050 loading class org/gradle/api/internal/initialization/loadercache/DefaultClassLoaderCache$ManagedClassLoaderSpec
Event: 11.050 loading class org/gradle/api/internal/initialization/loadercache/DefaultClassLoaderCache$ManagedClassLoaderSpec done
Event: 11.050 loading class org/gradle/api/internal/initialization/loadercache/DefaultClassLoaderCache
Event: 11.050 loading class org/gradle/api/internal/initialization/loadercache/DefaultClassLoaderCache done
Event: 11.050 loading class org/gradle/api/internal/file/DefaultFileCollectionFactory$FixedFileCollection
Event: 11.050 loading class org/gradle/api/internal/file/DefaultFileCollectionFactory$FixedFileCollection done
Event: 11.050 loading class org/gradle/internal/fingerprint/impl/DefaultFileCollectionSnapshotter$SnapshottingVisitor
Event: 11.050 loading class org/gradle/internal/fingerprint/impl/DefaultFileCollectionSnapshotter$SnapshottingVisitor done
Event: 11.051 loading class org/gradle/internal/snapshot/FileSystemLocationSnapshot
Event: 11.051 loading class org/gradle/internal/snapshot/FileSystemLocationSnapshot done


Dynamic libraries:
0x00007ff7b9490000 - 0x00007ff7b949a000 	C:\Program Files\Android\Android Studio\jre\bin\java.exe
0x00007ffd91190000 - 0x00007ffd91385000 	C:\WINDOWS\SYSTEM32\ntdll.dll
0x00007ffd8f980000 - 0x00007ffd8fa3e000 	C:\WINDOWS\System32\KERNEL32.DLL
0x00007ffd8e8b0000 - 0x00007ffd8eb79000 	C:\WINDOWS\System32\KERNELBASE.dll
0x00007ffd8eca0000 - 0x00007ffd8eda0000 	C:\WINDOWS\System32\ucrtbase.dll
0x00007ffd6e0e0000 - 0x00007ffd6e0f9000 	C:\Program Files\Android\Android Studio\jre\bin\jli.dll
0x00007ffd6c570000 - 0x00007ffd6c587000 	C:\Program Files\Android\Android Studio\jre\bin\VCRUNTIME140.dll
0x00007ffd90f90000 - 0x00007ffd91131000 	C:\WINDOWS\System32\USER32.dll
0x00007ffd8eb80000 - 0x00007ffd8eba2000 	C:\WINDOWS\System32\win32u.dll
0x00007ffd7f9b0000 - 0x00007ffd7fc4a000 	C:\WINDOWS\WinSxS\amd64_microsoft.windows.common-controls_6595b64144ccf1df_6.0.19041.1110_none_60b5254171f9507e\COMCTL32.dll
0x00007ffd90970000 - 0x00007ffd9099b000 	C:\WINDOWS\System32\GDI32.dll
0x00007ffd90d50000 - 0x00007ffd90dee000 	C:\WINDOWS\System32\msvcrt.dll
0x00007ffd8eda0000 - 0x00007ffd8eeab000 	C:\WINDOWS\System32\gdi32full.dll
0x00007ffd8f060000 - 0x00007ffd8f0fd000 	C:\WINDOWS\System32\msvcp_win.dll
0x00007ffd90d20000 - 0x00007ffd90d50000 	C:\WINDOWS\System32\IMM32.DLL
0x00007ffd65830000 - 0x00007ffd658cd000 	C:\Program Files\Android\Android Studio\jre\bin\msvcp140.dll
0x00007ffd20f80000 - 0x00007ffd21a4f000 	C:\Program Files\Android\Android Studio\jre\bin\server\jvm.dll
0x00007ffd90850000 - 0x00007ffd908fc000 	C:\WINDOWS\System32\ADVAPI32.dll
0x00007ffd907b0000 - 0x00007ffd9084b000 	C:\WINDOWS\System32\sechost.dll
0x00007ffd8f270000 - 0x00007ffd8f39a000 	C:\WINDOWS\System32\RPCRT4.dll
0x00007ffd91140000 - 0x00007ffd91148000 	C:\WINDOWS\System32\PSAPI.DLL
0x00007ffd8a140000 - 0x00007ffd8a149000 	C:\WINDOWS\SYSTEM32\WSOCK32.dll
0x00007ffd84c60000 - 0x00007ffd84c87000 	C:\WINDOWS\SYSTEM32\WINMM.dll
0x00007ffd90900000 - 0x00007ffd9096b000 	C:\WINDOWS\System32\WS2_32.dll
0x00007ffd87ab0000 - 0x00007ffd87aba000 	C:\WINDOWS\SYSTEM32\VERSION.dll
0x00007ffd8d0f0000 - 0x00007ffd8d102000 	C:\WINDOWS\SYSTEM32\kernel.appcore.dll
0x00007ffd86320000 - 0x00007ffd86331000 	C:\Program Files\Android\Android Studio\jre\bin\verify.dll
0x00007ffd7ae40000 - 0x00007ffd7b024000 	C:\WINDOWS\SYSTEM32\DBGHELP.DLL
0x00007ffd7ab70000 - 0x00007ffd7ab9c000 	C:\WINDOWS\SYSTEM32\dbgcore.DLL
0x00007ffd8ebb0000 - 0x00007ffd8ec33000 	C:\WINDOWS\System32\bcryptPrimitives.dll
0x00007ffd75a50000 - 0x00007ffd75a79000 	C:\Program Files\Android\Android Studio\jre\bin\java.dll
0x00007ffd88f40000 - 0x00007ffd88f4b000 	C:\Program Files\Android\Android Studio\jre\bin\jimage.dll
0x00007ffd73100000 - 0x00007ffd73118000 	C:\Program Files\Android\Android Studio\jre\bin\zip.dll
0x00007ffd8fe00000 - 0x00007ffd9053f000 	C:\WINDOWS\System32\SHELL32.dll
0x00007ffd8c900000 - 0x00007ffd8d090000 	C:\WINDOWS\SYSTEM32\windows.storage.dll
0x00007ffd8faa0000 - 0x00007ffd8fdf5000 	C:\WINDOWS\System32\combase.dll
0x00007ffd8e220000 - 0x00007ffd8e24c000 	C:\WINDOWS\SYSTEM32\Wldp.dll
0x00007ffd909a0000 - 0x00007ffd90a4d000 	C:\WINDOWS\System32\SHCORE.dll
0x00007ffd90f20000 - 0x00007ffd90f75000 	C:\WINDOWS\System32\shlwapi.dll
0x00007ffd8e7f0000 - 0x00007ffd8e80f000 	C:\WINDOWS\SYSTEM32\profapi.dll
0x00007ffd704f0000 - 0x00007ffd7050a000 	C:\Program Files\Android\Android Studio\jre\bin\net.dll
0x00007ffd7e450000 - 0x00007ffd7e558000 	C:\WINDOWS\SYSTEM32\WINHTTP.dll
0x00007ffd8e000000 - 0x00007ffd8e06a000 	C:\WINDOWS\system32\mswsock.dll
0x00007ffd704d0000 - 0x00007ffd704e4000 	C:\Program Files\Android\Android Studio\jre\bin\nio.dll
0x00007ffd70460000 - 0x00007ffd70487000 	C:\Users\Muddasar\.gradle\native\8bec1ad78214c89d9ad589b4d07fe93259594b29d510b10fafb7a158f7737e5d\windows-amd64\native-platform.dll
0x00007ffd66400000 - 0x00007ffd6653d000 	C:\Users\Muddasar\.gradle\native\53dbd7edfb1c66fb8903c78663c9afc45aea4f116125fa6feffd364cf09443e8\windows-amd64\native-platform-file-events.dll
0x00007ffd88df0000 - 0x00007ffd88dfa000 	C:\Program Files\Android\Android Studio\jre\bin\management.dll
0x00007ffd88da0000 - 0x00007ffd88dac000 	C:\Program Files\Android\Android Studio\jre\bin\management_ext.dll
0x00007ffd8e560000 - 0x00007ffd8e578000 	C:\WINDOWS\SYSTEM32\CRYPTSP.dll
0x00007ffd8d930000 - 0x00007ffd8d964000 	C:\WINDOWS\system32\rsaenh.dll
0x00007ffd8f100000 - 0x00007ffd8f127000 	C:\WINDOWS\System32\bcrypt.dll
0x00007ffd8e7b0000 - 0x00007ffd8e7de000 	C:\WINDOWS\SYSTEM32\USERENV.dll
0x00007ffd8e190000 - 0x00007ffd8e19c000 	C:\WINDOWS\SYSTEM32\CRYPTBASE.dll
0x00007ffd8dcc0000 - 0x00007ffd8dcfb000 	C:\WINDOWS\SYSTEM32\IPHLPAPI.DLL
0x00007ffd90f80000 - 0x00007ffd90f88000 	C:\WINDOWS\System32\NSI.dll
0x00007ffd87250000 - 0x00007ffd87267000 	C:\WINDOWS\SYSTEM32\dhcpcsvc6.DLL
0x00007ffd86f40000 - 0x00007ffd86f5d000 	C:\WINDOWS\SYSTEM32\dhcpcsvc.DLL
0x00007ffd8dd10000 - 0x00007ffd8dddc000 	C:\WINDOWS\SYSTEM32\DNSAPI.dll

dbghelp: loaded successfully - version: 4.0.5 - missing functions: none
symbol engine: initialized successfully - sym options: 0x614 - pdb path: .;C:\Program Files\Android\Android Studio\jre\bin;C:\WINDOWS\SYSTEM32;C:\WINDOWS\WinSxS\amd64_microsoft.windows.common-controls_6595b64144ccf1df_6.0.19041.1110_none_60b5254171f9507e;C:\Program Files\Android\Android Studio\jre\bin\server;C:\Users\Muddasar\.gradle\native\8bec1ad78214c89d9ad589b4d07fe93259594b29d510b10fafb7a158f7737e5d\windows-amd64;C:\Users\Muddasar\.gradle\native\53dbd7edfb1c66fb8903c78663c9afc45aea4f116125fa6feffd364cf09443e8\windows-amd64

VM Arguments:
jvm_args: --add-opens=java.base/java.util=ALL-UNNAMED --add-opens=java.base/java.lang=ALL-UNNAMED --add-opens=java.base/java.lang.invoke=ALL-UNNAMED --add-opens=java.base/java.util=ALL-UNNAMED --add-opens=java.prefs/java.util.prefs=ALL-UNNAMED --add-opens=java.prefs/java.util.prefs=ALL-UNNAMED --add-opens=java.base/java.nio.charset=ALL-UNNAMED --add-opens=java.base/java.net=ALL-UNNAMED --add-opens=java.base/java.util.concurrent.atomic=ALL-UNNAMED -Xmx2048m -Dfile.encoding=UTF-8 -Duser.country=US -Duser.language=en -Duser.variant 
java_command: org.gradle.launcher.daemon.bootstrap.GradleDaemon 7.0.2
java_class_path (initial): C:\Users\Muddasar\.gradle\wrapper\dists\gradle-7.0.2-bin\857tjihv64xamwrf0h14cai3r\gradle-7.0.2\lib\gradle-launcher-7.0.2.jar
Launcher Type: SUN_STANDARD

[Global flags]
     intx CICompilerCount                          = 4                                         {product} {ergonomic}
     uint ConcGCThreads                            = 2                                         {product} {ergonomic}
     uint G1ConcRefinementThreads                  = 8                                         {product} {ergonomic}
   size_t G1HeapRegionSize                         = 1048576                                   {product} {ergonomic}
    uintx GCDrainStackTargetSize                   = 64                                        {product} {ergonomic}
   size_t InitialHeapSize                          = 262144000                                 {product} {ergonomic}
   size_t MarkStackSize                            = 4194304                                   {product} {ergonomic}
   size_t MaxHeapSize                              = 2147483648                                {product} {command line}
   size_t MaxNewSize                               = 1287651328                                {product} {ergonomic}
   size_t MinHeapDeltaBytes                        = 1048576                                   {product} {ergonomic}
    uintx NonNMethodCodeHeapSize                   = 5836300                                {pd product} {ergonomic}
    uintx NonProfiledCodeHeapSize                  = 122910970                              {pd product} {ergonomic}
    uintx ProfiledCodeHeapSize                     = 122910970                              {pd product} {ergonomic}
    uintx ReservedCodeCacheSize                    = 251658240                              {pd product} {ergonomic}
     bool SegmentedCodeCache                       = true                                      {product} {ergonomic}
     bool UseCompressedClassPointers               = true                                 {lp64_product} {ergonomic}
     bool UseCompressedOops                        = true                                 {lp64_product} {ergonomic}
     bool UseG1GC                                  = true                                      {product} {ergonomic}
     bool UseLargePagesIndividualAllocation        = false                                  {pd product} {ergonomic}

Logging:
Log output configuration:
 #0: stdout all=warning uptime,level,tags
 #1: stderr all=off uptime,level,tags

Environment Variables:
PATH=C:\Python3.7\Scripts\;C:\Python3.7\;C:\Program Files\AdoptOpenJDK\jdk-11.0.10.9-hotspot\bin;C:\WINDOWS\system32;C:\WINDOWS;C:\WINDOWS\System32\Wbem;C:\WINDOWS\System32\WindowsPowerShell\v1.0\;C:\WINDOWS\System32\OpenSSH\;C:\Program Files\dotnet\;C:\Program Files\Microsoft SQL Server\130\Tools\Binn\;C:\Program Files (x86)\dotnet\;C:\Program Files\Git\cmd;C:\Program Files\nodejs\;C:\ELK-Stack\Version-7.14.1\logstash-7.14.1\bin;C:\ELK-Stack\Version-7.14.1\kibana-7.14.2-windows-x86_64\bin;C:\ELK-Stack\Version-7.14.1\elasticsearch-7.14.2\bin;;C:\Program Files\Docker\Docker\resources\bin;C:\ProgramData\DockerDesktop\version-bin;C:\Program Files\MariaDB\MariaDB Connector C 64-bit\lib\;C:\Program Files\MariaDB\MariaDB Connector C 64-bit\lib\plugin\;C:\Users\Muddasar\AppData\Local\Programs\Python\Python36-32\Scripts\;C:\Users\Muddasar\AppData\Local\Programs\Python\Python36-32\;C:\Program Files\MySQL\MySQL Shell 8.0\bin\;C:\Users\Muddasar\AppData\Local\Microsoft\WindowsApps;C:\Users\Muddasar\AppData\Local\Programs\Microsoft VS Code\bin;C:\Program Files\JetBrains\IntelliJ IDEA Community Edition 2020.3.2\bin;;C:\Users\Muddasar\.dotnet\tools;C:\Users\Muddasar\AppData\Roaming\npm;
USERNAME=Muddasar
OS=Windows_NT
PROCESSOR_IDENTIFIER=Intel64 Family 6 Model 60 Stepping 3, GenuineIntel



---------------  S Y S T E M  ---------------

OS: Windows 10 , 64 bit Build 19041 (10.0.19041.1202)
OS uptime: 3 days 0:56 hours
Hyper-V role detected

CPU:total 8 (initial active 8) (4 cores per cpu, 2 threads per core) family 6 model 60 stepping 3 microcode 0x27, cmov, cx8, fxsr, mmx, sse, sse2, sse3, ssse3, sse4.1, sse4.2, popcnt, avx, avx2, aes, clmul, erms, lzcnt, ht, tsc, tscinvbit, bmi1, bmi2, fma

Memory: 4k page, system-wide physical 15993M (1819M free)
TotalPageFile size 15993M (AvailPageFile size 4M)
current process WorkingSet (physical memory assigned to process): 311M, peak: 337M
current process commit charge ("private bytes"): 441M, peak: 470M

vm_info: OpenJDK 64-Bit Server VM (11.0.10+0-b96-7249189) for windows-amd64 JRE (11.0.10+0-b96-7249189), built on Mar 31 2021 21:44:00 by "builder" with MS VC++ 14.0 (VS2015)

END.
